This file contains any messages produced by compilers while
running configure, to aid debugging if configure makes a mistake.

It was created by configure, which was
generated by GNU Autoconf 2.69.  Invocation command line was

  $ ./configure 

## --------- ##
## Platform. ##
## --------- ##

hostname = wangsir-ubuntu
uname -m = x86_64
uname -r = 5.11.0-38-generic
uname -s = Linux
uname -v = #42~20.04.1-Ubuntu SMP Tue Sep 28 20:41:07 UTC 2021

/usr/bin/uname -p = x86_64
/bin/uname -X     = unknown

/bin/arch              = x86_64
/usr/bin/arch -k       = unknown
/usr/convex/getsysinfo = unknown
/usr/bin/hostinfo      = unknown
/bin/machine           = unknown
/usr/bin/oslevel       = unknown
/bin/universe          = unknown

PATH: /usr/lib/jvm/java-1.11.0-openjdk-amd64/bin
PATH: /usr/local/sbin
PATH: /usr/local/bin
PATH: /usr/sbin
PATH: /usr/bin
PATH: /sbin
PATH: /bin
PATH: /usr/games
PATH: /usr/local/games
PATH: /snap/bin


## ----------- ##
## Core tests. ##
## ----------- ##

configure:2130: checking build system type
configure:2144: result: x86_64-unknown-linux-gnu
configure:2164: checking host system type
configure:2177: result: x86_64-unknown-linux-gnu
configure:2260: checking for gcc
configure:2276: found /usr/bin/gcc
configure:2287: result: gcc
configure:2516: checking for C compiler version
configure:2525: gcc --version >&5
gcc (Ubuntu 8.4.0-3ubuntu2) 8.4.0
Copyright (C) 2018 Free Software Foundation, Inc.
This is free software; see the source for copying conditions.  There is NO
warranty; not even for MERCHANTABILITY or FITNESS FOR A PARTICULAR PURPOSE.

configure:2536: $? = 0
configure:2525: gcc -v >&5
Using built-in specs.
COLLECT_GCC=gcc
COLLECT_LTO_WRAPPER=/usr/lib/gcc/x86_64-linux-gnu/8/lto-wrapper
OFFLOAD_TARGET_NAMES=nvptx-none
OFFLOAD_TARGET_DEFAULT=1
Target: x86_64-linux-gnu
Configured with: ../src/configure -v --with-pkgversion='Ubuntu 8.4.0-3ubuntu2' --with-bugurl=file:///usr/share/doc/gcc-8/README.Bugs --enable-languages=c,ada,c++,go,brig,d,fortran,objc,obj-c++ --prefix=/usr --with-gcc-major-version-only --program-suffix=-8 --program-prefix=x86_64-linux-gnu- --enable-shared --enable-linker-build-id --libexecdir=/usr/lib --without-included-gettext --enable-threads=posix --libdir=/usr/lib --enable-nls --enable-bootstrap --enable-clocale=gnu --enable-libstdcxx-debug --enable-libstdcxx-time=yes --with-default-libstdcxx-abi=new --enable-gnu-unique-object --disable-vtable-verify --enable-libmpx --enable-plugin --enable-default-pie --with-system-zlib --with-target-system-zlib=auto --enable-objc-gc=auto --enable-multiarch --disable-werror --with-arch-32=i686 --with-abi=m64 --with-multilib-list=m32,m64,mx32 --enable-multilib --with-tune=generic --enable-offload-targets=nvptx-none --without-cuda-driver --enable-checking=release --build=x86_64-linux-gnu --host=x86_64-linux-gnu --target=x86_64-linux-gnu
Thread model: posix
gcc version 8.4.0 (Ubuntu 8.4.0-3ubuntu2) 
configure:2536: $? = 0
configure:2525: gcc -V >&5
gcc: error: unrecognized command line option '-V'
gcc: fatal error: no input files
compilation terminated.
configure:2536: $? = 1
configure:2525: gcc -qversion >&5
gcc: error: unrecognized command line option '-qversion'; did you mean '--version'?
gcc: fatal error: no input files
compilation terminated.
configure:2536: $? = 1
configure:2556: checking whether the C compiler works
configure:2578: gcc    conftest.c  >&5
configure:2582: $? = 0
configure:2630: result: yes
configure:2633: checking for C compiler default output file name
configure:2635: result: a.out
configure:2641: checking for suffix of executables
configure:2648: gcc -o conftest    conftest.c  >&5
configure:2652: $? = 0
configure:2674: result: 
configure:2696: checking whether we are cross compiling
configure:2704: gcc -o conftest    conftest.c  >&5
configure:2708: $? = 0
configure:2715: ./conftest
configure:2719: $? = 0
configure:2707: result: no
configure:2712: checking for suffix of object files
configure:2734: gcc -c   conftest.c >&5
configure:2738: $? = 0
configure:2759: result: o
configure:2763: checking whether we are using the GNU C compiler
configure:2782: gcc -c   conftest.c >&5
configure:2782: $? = 0
configure:2791: result: yes
configure:2800: checking whether gcc accepts -g
configure:2820: gcc -c -g  conftest.c >&5
configure:2820: $? = 0
configure:2861: result: yes
configure:2878: checking for gcc option to accept ISO C89
configure:2941: gcc  -c -g -O2  conftest.c >&5
configure:2941: $? = 0
configure:2954: result: none needed
configure:3017: checking for ranlib
configure:3033: found /usr/bin/ranlib
configure:3044: result: ranlib
configure:3068: checking for pthread_create in -lpthread
configure:3093: gcc -o conftest -g -O2   conftest.c -lpthread   >&5
configure:3093: $? = 0
configure:3102: result: yes
configure:3166: checking for t_open in -lnsl
configure:3191: gcc -o conftest -g -O2 -D_REENTRANT   conftest.c -lnsl  -lpthread  >&5
/usr/bin/ld: /tmp/ccYIy9y8.o: in function `main':
/home/wangsir/Documents/unpv13e/conftest.c:22: undefined reference to `t_open'
collect2: error: ld returned 1 exit status
configure:3191: $? = 1
configure: failed program was:
| /* confdefs.h */
| #define PACKAGE_NAME ""
| #define PACKAGE_TARNAME ""
| #define PACKAGE_VERSION ""
| #define PACKAGE_STRING ""
| #define PACKAGE_BUGREPORT ""
| #define PACKAGE_URL ""
| #define CPU_VENDOR_OS "x86_64-unknown-linux-gnu"
| #define HAVE_LIBPTHREAD 1
| /* end confdefs.h.  */
| 
| /* Override any GCC internal prototype to avoid an error.
|    Use char because int might match the return type of a GCC
|    builtin and then its argument prototype would still apply.  */
| #ifdef __cplusplus
| extern "C"
| #endif
| char t_open ();
| int
| main ()
| {
| return t_open ();
|   ;
|   return 0;
| }
configure:3200: result: no
configure:3211: checking for library containing socket
configure:3242: gcc -o conftest -g -O2 -D_REENTRANT   conftest.c -lpthread  >&5
configure:3242: $? = 0
configure:3259: result: none required
configure:3268: checking for /usr/local/bind/lib/libbind.a
configure:3275: result: no
configure:3277: checking for /home/wangsir/libbind.a
configure:3284: result: no
configure:3286: checking for /home/wangsir/libresolv.a
configure:3293: result: no
configure:3295: checking for res_init in -lresolv
configure:3320: gcc -o conftest -g -O2 -D_REENTRANT   conftest.c -lresolv  -lpthread  >&5
/usr/bin/ld: /tmp/cc89EU7Y.o: in function `main':
/home/wangsir/Documents/unpv13e/conftest.c:22: undefined reference to `res_init'
collect2: error: ld returned 1 exit status
configure:3320: $? = 1
configure: failed program was:
| /* confdefs.h */
| #define PACKAGE_NAME ""
| #define PACKAGE_TARNAME ""
| #define PACKAGE_VERSION ""
| #define PACKAGE_STRING ""
| #define PACKAGE_BUGREPORT ""
| #define PACKAGE_URL ""
| #define CPU_VENDOR_OS "x86_64-unknown-linux-gnu"
| #define HAVE_LIBPTHREAD 1
| /* end confdefs.h.  */
| 
| /* Override any GCC internal prototype to avoid an error.
|    Use char because int might match the return type of a GCC
|    builtin and then its argument prototype would still apply.  */
| #ifdef __cplusplus
| extern "C"
| #endif
| char res_init ();
| int
| main ()
| {
| return res_init ();
|   ;
|   return 0;
| }
configure:3329: result: no
configure:3344: checking for t_open in -lxti
configure:3369: gcc -o conftest -g -O2 -D_REENTRANT   conftest.c -lxti  -lpthread  >&5
/usr/bin/ld: cannot find -lxti
collect2: error: ld returned 1 exit status
configure:3369: $? = 1
configure: failed program was:
| /* confdefs.h */
| #define PACKAGE_NAME ""
| #define PACKAGE_TARNAME ""
| #define PACKAGE_VERSION ""
| #define PACKAGE_STRING ""
| #define PACKAGE_BUGREPORT ""
| #define PACKAGE_URL ""
| #define CPU_VENDOR_OS "x86_64-unknown-linux-gnu"
| #define HAVE_LIBPTHREAD 1
| /* end confdefs.h.  */
| 
| /* Override any GCC internal prototype to avoid an error.
|    Use char because int might match the return type of a GCC
|    builtin and then its argument prototype would still apply.  */
| #ifdef __cplusplus
| extern "C"
| #endif
| char t_open ();
| int
| main ()
| {
| return t_open ();
|   ;
|   return 0;
| }
configure:3378: result: no
configure:3390: checking for /home/wangsir/libunp.a
configure:3398: result: no
configure:3404: checking for /home/wangsir/libunpxti.a
configure:3412: result: no
configure:3423: checking how to run the C preprocessor
configure:3454: gcc -E  conftest.c
configure:3454: $? = 0
configure:3468: gcc -E  conftest.c
conftest.c:11:10: fatal error: ac_nonexistent.h: No such file or directory
 #include <ac_nonexistent.h>
          ^~~~~~~~~~~~~~~~~~
compilation terminated.
configure:3468: $? = 1
configure: failed program was:
| /* confdefs.h */
| #define PACKAGE_NAME ""
| #define PACKAGE_TARNAME ""
| #define PACKAGE_VERSION ""
| #define PACKAGE_STRING ""
| #define PACKAGE_BUGREPORT ""
| #define PACKAGE_URL ""
| #define CPU_VENDOR_OS "x86_64-unknown-linux-gnu"
| #define HAVE_LIBPTHREAD 1
| /* end confdefs.h.  */
| #include <ac_nonexistent.h>
configure:3493: result: gcc -E
configure:3513: gcc -E  conftest.c
configure:3513: $? = 0
configure:3527: gcc -E  conftest.c
conftest.c:11:10: fatal error: ac_nonexistent.h: No such file or directory
 #include <ac_nonexistent.h>
          ^~~~~~~~~~~~~~~~~~
compilation terminated.
configure:3527: $? = 1
configure: failed program was:
| /* confdefs.h */
| #define PACKAGE_NAME ""
| #define PACKAGE_TARNAME ""
| #define PACKAGE_VERSION ""
| #define PACKAGE_STRING ""
| #define PACKAGE_BUGREPORT ""
| #define PACKAGE_URL ""
| #define CPU_VENDOR_OS "x86_64-unknown-linux-gnu"
| #define HAVE_LIBPTHREAD 1
| /* end confdefs.h.  */
| #include <ac_nonexistent.h>
configure:3556: checking for grep that handles long lines and -e
configure:3614: result: /usr/bin/grep
configure:3619: checking for egrep
configure:3681: result: /usr/bin/grep -E
configure:3686: checking for ANSI C header files
configure:3706: gcc -c -g -O2 -D_REENTRANT  conftest.c >&5
configure:3706: $? = 0
configure:3779: gcc -o conftest -g -O2 -D_REENTRANT   conftest.c -lpthread  >&5
configure:3779: $? = 0
configure:3779: ./conftest
configure:3779: $? = 0
configure:3790: result: yes
configure:3801: checking for sys/types.h
configure:3801: gcc -c -g -O2 -D_REENTRANT  conftest.c >&5
configure:3801: $? = 0
configure:3801: result: yes
configure:3801: checking for sys/socket.h
configure:3801: gcc -c -g -O2 -D_REENTRANT  conftest.c >&5
configure:3801: $? = 0
configure:3801: result: yes
configure:3801: checking for sys/time.h
configure:3801: gcc -c -g -O2 -D_REENTRANT  conftest.c >&5
configure:3801: $? = 0
configure:3801: result: yes
configure:3801: checking for time.h
configure:3801: gcc -c -g -O2 -D_REENTRANT  conftest.c >&5
configure:3801: $? = 0
configure:3801: result: yes
configure:3801: checking for netinet/in.h
configure:3801: gcc -c -g -O2 -D_REENTRANT  conftest.c >&5
configure:3801: $? = 0
configure:3801: result: yes
configure:3801: checking for arpa/inet.h
configure:3801: gcc -c -g -O2 -D_REENTRANT  conftest.c >&5
configure:3801: $? = 0
configure:3801: result: yes
configure:3801: checking for errno.h
configure:3801: gcc -c -g -O2 -D_REENTRANT  conftest.c >&5
configure:3801: $? = 0
configure:3801: result: yes
configure:3801: checking for fcntl.h
configure:3801: gcc -c -g -O2 -D_REENTRANT  conftest.c >&5
configure:3801: $? = 0
configure:3801: result: yes
configure:3801: checking for netdb.h
configure:3801: gcc -c -g -O2 -D_REENTRANT  conftest.c >&5
configure:3801: $? = 0
configure:3801: result: yes
configure:3801: checking for signal.h
configure:3801: gcc -c -g -O2 -D_REENTRANT  conftest.c >&5
configure:3801: $? = 0
configure:3801: result: yes
configure:3801: checking for stdio.h
configure:3801: gcc -c -g -O2 -D_REENTRANT  conftest.c >&5
configure:3801: $? = 0
configure:3801: result: yes
configure:3801: checking for stdlib.h
configure:3801: gcc -c -g -O2 -D_REENTRANT  conftest.c >&5
configure:3801: $? = 0
configure:3801: result: yes
configure:3801: checking for string.h
configure:3801: gcc -c -g -O2 -D_REENTRANT  conftest.c >&5
configure:3801: $? = 0
configure:3801: result: yes
configure:3801: checking for sys/stat.h
configure:3801: gcc -c -g -O2 -D_REENTRANT  conftest.c >&5
configure:3801: $? = 0
configure:3801: result: yes
configure:3801: checking for sys/uio.h
configure:3801: gcc -c -g -O2 -D_REENTRANT  conftest.c >&5
configure:3801: $? = 0
configure:3801: result: yes
configure:3801: checking for unistd.h
configure:3801: gcc -c -g -O2 -D_REENTRANT  conftest.c >&5
configure:3801: $? = 0
configure:3801: result: yes
configure:3801: checking for sys/wait.h
configure:3801: gcc -c -g -O2 -D_REENTRANT  conftest.c >&5
configure:3801: $? = 0
configure:3801: result: yes
configure:3801: checking for sys/un.h
configure:3801: gcc -c -g -O2 -D_REENTRANT  conftest.c >&5
configure:3801: $? = 0
configure:3801: result: yes
configure:3801: checking for sys/param.h
configure:3801: gcc -c -g -O2 -D_REENTRANT  conftest.c >&5
configure:3801: $? = 0
configure:3801: result: yes
configure:3801: checking for sys/select.h
configure:3801: gcc -c -g -O2 -D_REENTRANT  conftest.c >&5
configure:3801: $? = 0
configure:3801: result: yes
configure:3801: checking for sys/sysctl.h
configure:3801: gcc -c -g -O2 -D_REENTRANT  conftest.c >&5
In file included from conftest.c:71:
/usr/include/x86_64-linux-gnu/sys/sysctl.h:21:2: warning: #warning "The <sys/sysctl.h> header is deprecated and will be removed." [-Wcpp]
 #warning "The <sys/sysctl.h> header is deprecated and will be removed."
  ^~~~~~~
configure:3801: $? = 0
configure:3801: result: yes
configure:3801: checking for poll.h
configure:3801: gcc -c -g -O2 -D_REENTRANT  conftest.c >&5
configure:3801: $? = 0
configure:3801: result: yes
configure:3801: checking for sys/event.h
configure:3801: gcc -c -g -O2 -D_REENTRANT  conftest.c >&5
conftest.c:73:10: fatal error: sys/event.h: No such file or directory
 #include <sys/event.h>
          ^~~~~~~~~~~~~
compilation terminated.
configure:3801: $? = 1
configure: failed program was:
| /* confdefs.h */
| #define PACKAGE_NAME ""
| #define PACKAGE_TARNAME ""
| #define PACKAGE_VERSION ""
| #define PACKAGE_STRING ""
| #define PACKAGE_BUGREPORT ""
| #define PACKAGE_URL ""
| #define CPU_VENDOR_OS "x86_64-unknown-linux-gnu"
| #define HAVE_LIBPTHREAD 1
| #define STDC_HEADERS 1
| #define HAVE_SYS_TYPES_H 1
| #define HAVE_SYS_SOCKET_H 1
| #define HAVE_SYS_TIME_H 1
| #define HAVE_TIME_H 1
| #define HAVE_NETINET_IN_H 1
| #define HAVE_ARPA_INET_H 1
| #define HAVE_ERRNO_H 1
| #define HAVE_FCNTL_H 1
| #define HAVE_NETDB_H 1
| #define HAVE_SIGNAL_H 1
| #define HAVE_STDIO_H 1
| #define HAVE_STDLIB_H 1
| #define HAVE_STRING_H 1
| #define HAVE_SYS_STAT_H 1
| #define HAVE_SYS_UIO_H 1
| #define HAVE_UNISTD_H 1
| #define HAVE_SYS_WAIT_H 1
| #define HAVE_SYS_UN_H 1
| #define HAVE_SYS_PARAM_H 1
| #define HAVE_SYS_SELECT_H 1
| #define HAVE_SYS_SYSCTL_H 1
| #define HAVE_POLL_H 1
| /* end confdefs.h.  */
| 
| #include <stdio.h>
| #if HAVE_SYS_TYPES_H
| # include <sys/types.h>
| #endif
| #if HAVE_SYS_STAT_H
| # include <sys/stat.h>
| #endif
| #if STDC_HEADERS
| # include <stdlib.h>
| # include <stddef.h>
| #else
| # if HAVE_STDLIB_H
| #  include <stdlib.h>
| # endif
| #endif
| #if HAVE_STRING_H
| # if !STDC_HEADERS && HAVE_MEMORY_H
| #  include <memory.h>
| # endif
| # include <string.h>
| #endif
| #if HAVE_STRINGS_H
| # include <strings.h>
| #endif
| #if HAVE_INTTYPES_H
| # include <inttypes.h>
| #else
| # if HAVE_STDINT_H
| #  include <stdint.h>
| # endif
| #endif
| #if HAVE_UNISTD_H
| # include <unistd.h>
| #endif
| #if HAVE_SYS_PARAM_H
| # include <sys/param.h>
| #endif
| 
| #include <sys/event.h>
configure:3801: result: no
configure:3801: checking for strings.h
configure:3801: gcc -c -g -O2 -D_REENTRANT  conftest.c >&5
configure:3801: $? = 0
configure:3801: result: yes
configure:3801: checking for sys/ioctl.h
configure:3801: gcc -c -g -O2 -D_REENTRANT  conftest.c >&5
configure:3801: $? = 0
configure:3801: result: yes
configure:3801: checking for sys/filio.h
configure:3801: gcc -c -g -O2 -D_REENTRANT  conftest.c >&5
conftest.c:75:10: fatal error: sys/filio.h: No such file or directory
 #include <sys/filio.h>
          ^~~~~~~~~~~~~
compilation terminated.
configure:3801: $? = 1
configure: failed program was:
| /* confdefs.h */
| #define PACKAGE_NAME ""
| #define PACKAGE_TARNAME ""
| #define PACKAGE_VERSION ""
| #define PACKAGE_STRING ""
| #define PACKAGE_BUGREPORT ""
| #define PACKAGE_URL ""
| #define CPU_VENDOR_OS "x86_64-unknown-linux-gnu"
| #define HAVE_LIBPTHREAD 1
| #define STDC_HEADERS 1
| #define HAVE_SYS_TYPES_H 1
| #define HAVE_SYS_SOCKET_H 1
| #define HAVE_SYS_TIME_H 1
| #define HAVE_TIME_H 1
| #define HAVE_NETINET_IN_H 1
| #define HAVE_ARPA_INET_H 1
| #define HAVE_ERRNO_H 1
| #define HAVE_FCNTL_H 1
| #define HAVE_NETDB_H 1
| #define HAVE_SIGNAL_H 1
| #define HAVE_STDIO_H 1
| #define HAVE_STDLIB_H 1
| #define HAVE_STRING_H 1
| #define HAVE_SYS_STAT_H 1
| #define HAVE_SYS_UIO_H 1
| #define HAVE_UNISTD_H 1
| #define HAVE_SYS_WAIT_H 1
| #define HAVE_SYS_UN_H 1
| #define HAVE_SYS_PARAM_H 1
| #define HAVE_SYS_SELECT_H 1
| #define HAVE_SYS_SYSCTL_H 1
| #define HAVE_POLL_H 1
| #define HAVE_STRINGS_H 1
| #define HAVE_SYS_IOCTL_H 1
| /* end confdefs.h.  */
| 
| #include <stdio.h>
| #if HAVE_SYS_TYPES_H
| # include <sys/types.h>
| #endif
| #if HAVE_SYS_STAT_H
| # include <sys/stat.h>
| #endif
| #if STDC_HEADERS
| # include <stdlib.h>
| # include <stddef.h>
| #else
| # if HAVE_STDLIB_H
| #  include <stdlib.h>
| # endif
| #endif
| #if HAVE_STRING_H
| # if !STDC_HEADERS && HAVE_MEMORY_H
| #  include <memory.h>
| # endif
| # include <string.h>
| #endif
| #if HAVE_STRINGS_H
| # include <strings.h>
| #endif
| #if HAVE_INTTYPES_H
| # include <inttypes.h>
| #else
| # if HAVE_STDINT_H
| #  include <stdint.h>
| # endif
| #endif
| #if HAVE_UNISTD_H
| # include <unistd.h>
| #endif
| #if HAVE_SYS_PARAM_H
| # include <sys/param.h>
| #endif
| 
| #include <sys/filio.h>
configure:3801: result: no
configure:3801: checking for sys/sockio.h
configure:3801: gcc -c -g -O2 -D_REENTRANT  conftest.c >&5
conftest.c:75:10: fatal error: sys/sockio.h: No such file or directory
 #include <sys/sockio.h>
          ^~~~~~~~~~~~~~
compilation terminated.
configure:3801: $? = 1
configure: failed program was:
| /* confdefs.h */
| #define PACKAGE_NAME ""
| #define PACKAGE_TARNAME ""
| #define PACKAGE_VERSION ""
| #define PACKAGE_STRING ""
| #define PACKAGE_BUGREPORT ""
| #define PACKAGE_URL ""
| #define CPU_VENDOR_OS "x86_64-unknown-linux-gnu"
| #define HAVE_LIBPTHREAD 1
| #define STDC_HEADERS 1
| #define HAVE_SYS_TYPES_H 1
| #define HAVE_SYS_SOCKET_H 1
| #define HAVE_SYS_TIME_H 1
| #define HAVE_TIME_H 1
| #define HAVE_NETINET_IN_H 1
| #define HAVE_ARPA_INET_H 1
| #define HAVE_ERRNO_H 1
| #define HAVE_FCNTL_H 1
| #define HAVE_NETDB_H 1
| #define HAVE_SIGNAL_H 1
| #define HAVE_STDIO_H 1
| #define HAVE_STDLIB_H 1
| #define HAVE_STRING_H 1
| #define HAVE_SYS_STAT_H 1
| #define HAVE_SYS_UIO_H 1
| #define HAVE_UNISTD_H 1
| #define HAVE_SYS_WAIT_H 1
| #define HAVE_SYS_UN_H 1
| #define HAVE_SYS_PARAM_H 1
| #define HAVE_SYS_SELECT_H 1
| #define HAVE_SYS_SYSCTL_H 1
| #define HAVE_POLL_H 1
| #define HAVE_STRINGS_H 1
| #define HAVE_SYS_IOCTL_H 1
| /* end confdefs.h.  */
| 
| #include <stdio.h>
| #if HAVE_SYS_TYPES_H
| # include <sys/types.h>
| #endif
| #if HAVE_SYS_STAT_H
| # include <sys/stat.h>
| #endif
| #if STDC_HEADERS
| # include <stdlib.h>
| # include <stddef.h>
| #else
| # if HAVE_STDLIB_H
| #  include <stdlib.h>
| # endif
| #endif
| #if HAVE_STRING_H
| # if !STDC_HEADERS && HAVE_MEMORY_H
| #  include <memory.h>
| # endif
| # include <string.h>
| #endif
| #if HAVE_STRINGS_H
| # include <strings.h>
| #endif
| #if HAVE_INTTYPES_H
| # include <inttypes.h>
| #else
| # if HAVE_STDINT_H
| #  include <stdint.h>
| # endif
| #endif
| #if HAVE_UNISTD_H
| # include <unistd.h>
| #endif
| #if HAVE_SYS_PARAM_H
| # include <sys/param.h>
| #endif
| 
| #include <sys/sockio.h>
configure:3801: result: no
configure:3801: checking for pthread.h
configure:3801: gcc -c -g -O2 -D_REENTRANT  conftest.c >&5
configure:3801: $? = 0
configure:3801: result: yes
configure:3801: checking for net/if_dl.h
configure:3801: gcc -c -g -O2 -D_REENTRANT  conftest.c >&5
conftest.c:76:10: fatal error: net/if_dl.h: No such file or directory
 #include <net/if_dl.h>
          ^~~~~~~~~~~~~
compilation terminated.
configure:3801: $? = 1
configure: failed program was:
| /* confdefs.h */
| #define PACKAGE_NAME ""
| #define PACKAGE_TARNAME ""
| #define PACKAGE_VERSION ""
| #define PACKAGE_STRING ""
| #define PACKAGE_BUGREPORT ""
| #define PACKAGE_URL ""
| #define CPU_VENDOR_OS "x86_64-unknown-linux-gnu"
| #define HAVE_LIBPTHREAD 1
| #define STDC_HEADERS 1
| #define HAVE_SYS_TYPES_H 1
| #define HAVE_SYS_SOCKET_H 1
| #define HAVE_SYS_TIME_H 1
| #define HAVE_TIME_H 1
| #define HAVE_NETINET_IN_H 1
| #define HAVE_ARPA_INET_H 1
| #define HAVE_ERRNO_H 1
| #define HAVE_FCNTL_H 1
| #define HAVE_NETDB_H 1
| #define HAVE_SIGNAL_H 1
| #define HAVE_STDIO_H 1
| #define HAVE_STDLIB_H 1
| #define HAVE_STRING_H 1
| #define HAVE_SYS_STAT_H 1
| #define HAVE_SYS_UIO_H 1
| #define HAVE_UNISTD_H 1
| #define HAVE_SYS_WAIT_H 1
| #define HAVE_SYS_UN_H 1
| #define HAVE_SYS_PARAM_H 1
| #define HAVE_SYS_SELECT_H 1
| #define HAVE_SYS_SYSCTL_H 1
| #define HAVE_POLL_H 1
| #define HAVE_STRINGS_H 1
| #define HAVE_SYS_IOCTL_H 1
| #define HAVE_PTHREAD_H 1
| /* end confdefs.h.  */
| 
| #include <stdio.h>
| #if HAVE_SYS_TYPES_H
| # include <sys/types.h>
| #endif
| #if HAVE_SYS_STAT_H
| # include <sys/stat.h>
| #endif
| #if STDC_HEADERS
| # include <stdlib.h>
| # include <stddef.h>
| #else
| # if HAVE_STDLIB_H
| #  include <stdlib.h>
| # endif
| #endif
| #if HAVE_STRING_H
| # if !STDC_HEADERS && HAVE_MEMORY_H
| #  include <memory.h>
| # endif
| # include <string.h>
| #endif
| #if HAVE_STRINGS_H
| # include <strings.h>
| #endif
| #if HAVE_INTTYPES_H
| # include <inttypes.h>
| #else
| # if HAVE_STDINT_H
| #  include <stdint.h>
| # endif
| #endif
| #if HAVE_UNISTD_H
| # include <unistd.h>
| #endif
| #if HAVE_SYS_PARAM_H
| # include <sys/param.h>
| #endif
| 
| #include <net/if_dl.h>
configure:3801: result: no
configure:3801: checking for xti.h
configure:3801: gcc -c -g -O2 -D_REENTRANT  conftest.c >&5
conftest.c:76:10: fatal error: xti.h: No such file or directory
 #include <xti.h>
          ^~~~~~~
compilation terminated.
configure:3801: $? = 1
configure: failed program was:
| /* confdefs.h */
| #define PACKAGE_NAME ""
| #define PACKAGE_TARNAME ""
| #define PACKAGE_VERSION ""
| #define PACKAGE_STRING ""
| #define PACKAGE_BUGREPORT ""
| #define PACKAGE_URL ""
| #define CPU_VENDOR_OS "x86_64-unknown-linux-gnu"
| #define HAVE_LIBPTHREAD 1
| #define STDC_HEADERS 1
| #define HAVE_SYS_TYPES_H 1
| #define HAVE_SYS_SOCKET_H 1
| #define HAVE_SYS_TIME_H 1
| #define HAVE_TIME_H 1
| #define HAVE_NETINET_IN_H 1
| #define HAVE_ARPA_INET_H 1
| #define HAVE_ERRNO_H 1
| #define HAVE_FCNTL_H 1
| #define HAVE_NETDB_H 1
| #define HAVE_SIGNAL_H 1
| #define HAVE_STDIO_H 1
| #define HAVE_STDLIB_H 1
| #define HAVE_STRING_H 1
| #define HAVE_SYS_STAT_H 1
| #define HAVE_SYS_UIO_H 1
| #define HAVE_UNISTD_H 1
| #define HAVE_SYS_WAIT_H 1
| #define HAVE_SYS_UN_H 1
| #define HAVE_SYS_PARAM_H 1
| #define HAVE_SYS_SELECT_H 1
| #define HAVE_SYS_SYSCTL_H 1
| #define HAVE_POLL_H 1
| #define HAVE_STRINGS_H 1
| #define HAVE_SYS_IOCTL_H 1
| #define HAVE_PTHREAD_H 1
| /* end confdefs.h.  */
| 
| #include <stdio.h>
| #if HAVE_SYS_TYPES_H
| # include <sys/types.h>
| #endif
| #if HAVE_SYS_STAT_H
| # include <sys/stat.h>
| #endif
| #if STDC_HEADERS
| # include <stdlib.h>
| # include <stddef.h>
| #else
| # if HAVE_STDLIB_H
| #  include <stdlib.h>
| # endif
| #endif
| #if HAVE_STRING_H
| # if !STDC_HEADERS && HAVE_MEMORY_H
| #  include <memory.h>
| # endif
| # include <string.h>
| #endif
| #if HAVE_STRINGS_H
| # include <strings.h>
| #endif
| #if HAVE_INTTYPES_H
| # include <inttypes.h>
| #else
| # if HAVE_STDINT_H
| #  include <stdint.h>
| # endif
| #endif
| #if HAVE_UNISTD_H
| # include <unistd.h>
| #endif
| #if HAVE_SYS_PARAM_H
| # include <sys/param.h>
| #endif
| 
| #include <xti.h>
configure:3801: result: no
configure:3801: checking for xti_inet.h
configure:3801: gcc -c -g -O2 -D_REENTRANT  conftest.c >&5
conftest.c:76:10: fatal error: xti_inet.h: No such file or directory
 #include <xti_inet.h>
          ^~~~~~~~~~~~
compilation terminated.
configure:3801: $? = 1
configure: failed program was:
| /* confdefs.h */
| #define PACKAGE_NAME ""
| #define PACKAGE_TARNAME ""
| #define PACKAGE_VERSION ""
| #define PACKAGE_STRING ""
| #define PACKAGE_BUGREPORT ""
| #define PACKAGE_URL ""
| #define CPU_VENDOR_OS "x86_64-unknown-linux-gnu"
| #define HAVE_LIBPTHREAD 1
| #define STDC_HEADERS 1
| #define HAVE_SYS_TYPES_H 1
| #define HAVE_SYS_SOCKET_H 1
| #define HAVE_SYS_TIME_H 1
| #define HAVE_TIME_H 1
| #define HAVE_NETINET_IN_H 1
| #define HAVE_ARPA_INET_H 1
| #define HAVE_ERRNO_H 1
| #define HAVE_FCNTL_H 1
| #define HAVE_NETDB_H 1
| #define HAVE_SIGNAL_H 1
| #define HAVE_STDIO_H 1
| #define HAVE_STDLIB_H 1
| #define HAVE_STRING_H 1
| #define HAVE_SYS_STAT_H 1
| #define HAVE_SYS_UIO_H 1
| #define HAVE_UNISTD_H 1
| #define HAVE_SYS_WAIT_H 1
| #define HAVE_SYS_UN_H 1
| #define HAVE_SYS_PARAM_H 1
| #define HAVE_SYS_SELECT_H 1
| #define HAVE_SYS_SYSCTL_H 1
| #define HAVE_POLL_H 1
| #define HAVE_STRINGS_H 1
| #define HAVE_SYS_IOCTL_H 1
| #define HAVE_PTHREAD_H 1
| /* end confdefs.h.  */
| 
| #include <stdio.h>
| #if HAVE_SYS_TYPES_H
| # include <sys/types.h>
| #endif
| #if HAVE_SYS_STAT_H
| # include <sys/stat.h>
| #endif
| #if STDC_HEADERS
| # include <stdlib.h>
| # include <stddef.h>
| #else
| # if HAVE_STDLIB_H
| #  include <stdlib.h>
| # endif
| #endif
| #if HAVE_STRING_H
| # if !STDC_HEADERS && HAVE_MEMORY_H
| #  include <memory.h>
| # endif
| # include <string.h>
| #endif
| #if HAVE_STRINGS_H
| # include <strings.h>
| #endif
| #if HAVE_INTTYPES_H
| # include <inttypes.h>
| #else
| # if HAVE_STDINT_H
| #  include <stdint.h>
| # endif
| #endif
| #if HAVE_UNISTD_H
| # include <unistd.h>
| #endif
| #if HAVE_SYS_PARAM_H
| # include <sys/param.h>
| #endif
| 
| #include <xti_inet.h>
configure:3801: result: no
configure:3801: checking for netconfig.h
configure:3801: gcc -c -g -O2 -D_REENTRANT  conftest.c >&5
conftest.c:76:10: fatal error: netconfig.h: No such file or directory
 #include <netconfig.h>
          ^~~~~~~~~~~~~
compilation terminated.
configure:3801: $? = 1
configure: failed program was:
| /* confdefs.h */
| #define PACKAGE_NAME ""
| #define PACKAGE_TARNAME ""
| #define PACKAGE_VERSION ""
| #define PACKAGE_STRING ""
| #define PACKAGE_BUGREPORT ""
| #define PACKAGE_URL ""
| #define CPU_VENDOR_OS "x86_64-unknown-linux-gnu"
| #define HAVE_LIBPTHREAD 1
| #define STDC_HEADERS 1
| #define HAVE_SYS_TYPES_H 1
| #define HAVE_SYS_SOCKET_H 1
| #define HAVE_SYS_TIME_H 1
| #define HAVE_TIME_H 1
| #define HAVE_NETINET_IN_H 1
| #define HAVE_ARPA_INET_H 1
| #define HAVE_ERRNO_H 1
| #define HAVE_FCNTL_H 1
| #define HAVE_NETDB_H 1
| #define HAVE_SIGNAL_H 1
| #define HAVE_STDIO_H 1
| #define HAVE_STDLIB_H 1
| #define HAVE_STRING_H 1
| #define HAVE_SYS_STAT_H 1
| #define HAVE_SYS_UIO_H 1
| #define HAVE_UNISTD_H 1
| #define HAVE_SYS_WAIT_H 1
| #define HAVE_SYS_UN_H 1
| #define HAVE_SYS_PARAM_H 1
| #define HAVE_SYS_SELECT_H 1
| #define HAVE_SYS_SYSCTL_H 1
| #define HAVE_POLL_H 1
| #define HAVE_STRINGS_H 1
| #define HAVE_SYS_IOCTL_H 1
| #define HAVE_PTHREAD_H 1
| /* end confdefs.h.  */
| 
| #include <stdio.h>
| #if HAVE_SYS_TYPES_H
| # include <sys/types.h>
| #endif
| #if HAVE_SYS_STAT_H
| # include <sys/stat.h>
| #endif
| #if STDC_HEADERS
| # include <stdlib.h>
| # include <stddef.h>
| #else
| # if HAVE_STDLIB_H
| #  include <stdlib.h>
| # endif
| #endif
| #if HAVE_STRING_H
| # if !STDC_HEADERS && HAVE_MEMORY_H
| #  include <memory.h>
| # endif
| # include <string.h>
| #endif
| #if HAVE_STRINGS_H
| # include <strings.h>
| #endif
| #if HAVE_INTTYPES_H
| # include <inttypes.h>
| #else
| # if HAVE_STDINT_H
| #  include <stdint.h>
| # endif
| #endif
| #if HAVE_UNISTD_H
| # include <unistd.h>
| #endif
| #if HAVE_SYS_PARAM_H
| # include <sys/param.h>
| #endif
| 
| #include <netconfig.h>
configure:3801: result: no
configure:3801: checking for netdir.h
configure:3801: gcc -c -g -O2 -D_REENTRANT  conftest.c >&5
conftest.c:76:10: fatal error: netdir.h: No such file or directory
 #include <netdir.h>
          ^~~~~~~~~~
compilation terminated.
configure:3801: $? = 1
configure: failed program was:
| /* confdefs.h */
| #define PACKAGE_NAME ""
| #define PACKAGE_TARNAME ""
| #define PACKAGE_VERSION ""
| #define PACKAGE_STRING ""
| #define PACKAGE_BUGREPORT ""
| #define PACKAGE_URL ""
| #define CPU_VENDOR_OS "x86_64-unknown-linux-gnu"
| #define HAVE_LIBPTHREAD 1
| #define STDC_HEADERS 1
| #define HAVE_SYS_TYPES_H 1
| #define HAVE_SYS_SOCKET_H 1
| #define HAVE_SYS_TIME_H 1
| #define HAVE_TIME_H 1
| #define HAVE_NETINET_IN_H 1
| #define HAVE_ARPA_INET_H 1
| #define HAVE_ERRNO_H 1
| #define HAVE_FCNTL_H 1
| #define HAVE_NETDB_H 1
| #define HAVE_SIGNAL_H 1
| #define HAVE_STDIO_H 1
| #define HAVE_STDLIB_H 1
| #define HAVE_STRING_H 1
| #define HAVE_SYS_STAT_H 1
| #define HAVE_SYS_UIO_H 1
| #define HAVE_UNISTD_H 1
| #define HAVE_SYS_WAIT_H 1
| #define HAVE_SYS_UN_H 1
| #define HAVE_SYS_PARAM_H 1
| #define HAVE_SYS_SELECT_H 1
| #define HAVE_SYS_SYSCTL_H 1
| #define HAVE_POLL_H 1
| #define HAVE_STRINGS_H 1
| #define HAVE_SYS_IOCTL_H 1
| #define HAVE_PTHREAD_H 1
| /* end confdefs.h.  */
| 
| #include <stdio.h>
| #if HAVE_SYS_TYPES_H
| # include <sys/types.h>
| #endif
| #if HAVE_SYS_STAT_H
| # include <sys/stat.h>
| #endif
| #if STDC_HEADERS
| # include <stdlib.h>
| # include <stddef.h>
| #else
| # if HAVE_STDLIB_H
| #  include <stdlib.h>
| # endif
| #endif
| #if HAVE_STRING_H
| # if !STDC_HEADERS && HAVE_MEMORY_H
| #  include <memory.h>
| # endif
| # include <string.h>
| #endif
| #if HAVE_STRINGS_H
| # include <strings.h>
| #endif
| #if HAVE_INTTYPES_H
| # include <inttypes.h>
| #else
| # if HAVE_STDINT_H
| #  include <stdint.h>
| # endif
| #endif
| #if HAVE_UNISTD_H
| # include <unistd.h>
| #endif
| #if HAVE_SYS_PARAM_H
| # include <sys/param.h>
| #endif
| 
| #include <netdir.h>
configure:3801: result: no
configure:3801: checking for stropts.h
configure:3801: gcc -c -g -O2 -D_REENTRANT  conftest.c >&5
conftest.c:76:10: fatal error: stropts.h: No such file or directory
 #include <stropts.h>
          ^~~~~~~~~~~
compilation terminated.
configure:3801: $? = 1
configure: failed program was:
| /* confdefs.h */
| #define PACKAGE_NAME ""
| #define PACKAGE_TARNAME ""
| #define PACKAGE_VERSION ""
| #define PACKAGE_STRING ""
| #define PACKAGE_BUGREPORT ""
| #define PACKAGE_URL ""
| #define CPU_VENDOR_OS "x86_64-unknown-linux-gnu"
| #define HAVE_LIBPTHREAD 1
| #define STDC_HEADERS 1
| #define HAVE_SYS_TYPES_H 1
| #define HAVE_SYS_SOCKET_H 1
| #define HAVE_SYS_TIME_H 1
| #define HAVE_TIME_H 1
| #define HAVE_NETINET_IN_H 1
| #define HAVE_ARPA_INET_H 1
| #define HAVE_ERRNO_H 1
| #define HAVE_FCNTL_H 1
| #define HAVE_NETDB_H 1
| #define HAVE_SIGNAL_H 1
| #define HAVE_STDIO_H 1
| #define HAVE_STDLIB_H 1
| #define HAVE_STRING_H 1
| #define HAVE_SYS_STAT_H 1
| #define HAVE_SYS_UIO_H 1
| #define HAVE_UNISTD_H 1
| #define HAVE_SYS_WAIT_H 1
| #define HAVE_SYS_UN_H 1
| #define HAVE_SYS_PARAM_H 1
| #define HAVE_SYS_SELECT_H 1
| #define HAVE_SYS_SYSCTL_H 1
| #define HAVE_POLL_H 1
| #define HAVE_STRINGS_H 1
| #define HAVE_SYS_IOCTL_H 1
| #define HAVE_PTHREAD_H 1
| /* end confdefs.h.  */
| 
| #include <stdio.h>
| #if HAVE_SYS_TYPES_H
| # include <sys/types.h>
| #endif
| #if HAVE_SYS_STAT_H
| # include <sys/stat.h>
| #endif
| #if STDC_HEADERS
| # include <stdlib.h>
| # include <stddef.h>
| #else
| # if HAVE_STDLIB_H
| #  include <stdlib.h>
| # endif
| #endif
| #if HAVE_STRING_H
| # if !STDC_HEADERS && HAVE_MEMORY_H
| #  include <memory.h>
| # endif
| # include <string.h>
| #endif
| #if HAVE_STRINGS_H
| # include <strings.h>
| #endif
| #if HAVE_INTTYPES_H
| # include <inttypes.h>
| #else
| # if HAVE_STDINT_H
| #  include <stdint.h>
| # endif
| #endif
| #if HAVE_UNISTD_H
| # include <unistd.h>
| #endif
| #if HAVE_SYS_PARAM_H
| # include <sys/param.h>
| #endif
| 
| #include <stropts.h>
configure:3801: result: no
configure:3850: checking whether time.h and sys/time.h may both be included
configure:3870: gcc -c -g -O2 -D_REENTRANT  conftest.c >&5
configure:3870: $? = 0
configure:3877: result: yes
configure:3885: checking if uint8_t defined
configure:3971: gcc -c -g -O2 -D_REENTRANT  conftest.c >&5
configure:3971: $? = 0
configure:3979: result: yes
configure:3987: checking if int16_t defined
configure:4073: gcc -c -g -O2 -D_REENTRANT  conftest.c >&5
configure:4073: $? = 0
configure:4081: result: yes
configure:4089: checking if uint16_t defined
configure:4175: gcc -c -g -O2 -D_REENTRANT  conftest.c >&5
configure:4175: $? = 0
configure:4183: result: yes
configure:4191: checking if int32_t defined
configure:4277: gcc -c -g -O2 -D_REENTRANT  conftest.c >&5
configure:4277: $? = 0
configure:4285: result: yes
configure:4293: checking if uint32_t defined
configure:4379: gcc -c -g -O2 -D_REENTRANT  conftest.c >&5
configure:4379: $? = 0
configure:4387: result: yes
configure:4395: checking if size_t defined
configure:4481: gcc -c -g -O2 -D_REENTRANT  conftest.c >&5
configure:4481: $? = 0
configure:4489: result: yes
configure:4497: checking if ssize_t defined
configure:4583: gcc -c -g -O2 -D_REENTRANT  conftest.c >&5
configure:4583: $? = 0
configure:4591: result: yes
configure:4599: checking if socklen_t defined
configure:4685: gcc -c -g -O2 -D_REENTRANT  conftest.c >&5
configure:4685: $? = 0
configure:4693: result: yes
configure:4701: checking if sa_family_t defined
configure:4787: gcc -c -g -O2 -D_REENTRANT  conftest.c >&5
configure:4787: $? = 0
configure:4795: result: yes
configure:4804: checking if t_scalar_t defined
configure:4905: gcc -c -g -O2 -D_REENTRANT  conftest.c >&5
conftest.c: In function 'main':
conftest.c:127:2: error: unknown type name 't_scalar_t'; did you mean 'locale_t'?
  t_scalar_t foo
  ^~~~~~~~~~
  locale_t
configure:4905: $? = 1
configure: failed program was:
| /* confdefs.h */
| #define PACKAGE_NAME ""
| #define PACKAGE_TARNAME ""
| #define PACKAGE_VERSION ""
| #define PACKAGE_STRING ""
| #define PACKAGE_BUGREPORT ""
| #define PACKAGE_URL ""
| #define CPU_VENDOR_OS "x86_64-unknown-linux-gnu"
| #define HAVE_LIBPTHREAD 1
| #define STDC_HEADERS 1
| #define HAVE_SYS_TYPES_H 1
| #define HAVE_SYS_SOCKET_H 1
| #define HAVE_SYS_TIME_H 1
| #define HAVE_TIME_H 1
| #define HAVE_NETINET_IN_H 1
| #define HAVE_ARPA_INET_H 1
| #define HAVE_ERRNO_H 1
| #define HAVE_FCNTL_H 1
| #define HAVE_NETDB_H 1
| #define HAVE_SIGNAL_H 1
| #define HAVE_STDIO_H 1
| #define HAVE_STDLIB_H 1
| #define HAVE_STRING_H 1
| #define HAVE_SYS_STAT_H 1
| #define HAVE_SYS_UIO_H 1
| #define HAVE_UNISTD_H 1
| #define HAVE_SYS_WAIT_H 1
| #define HAVE_SYS_UN_H 1
| #define HAVE_SYS_PARAM_H 1
| #define HAVE_SYS_SELECT_H 1
| #define HAVE_SYS_SYSCTL_H 1
| #define HAVE_POLL_H 1
| #define HAVE_STRINGS_H 1
| #define HAVE_SYS_IOCTL_H 1
| #define HAVE_PTHREAD_H 1
| #define TIME_WITH_SYS_TIME 1
| /* end confdefs.h.  */
| 
| #include	"confdefs.h"	/* the header built by configure so far */
| #ifdef	HAVE_SYS_TYPES_H
| #  include	<sys/types.h>
| #endif
| #ifdef	HAVE_SYS_SOCKET_H
| #  include	<sys/socket.h>
| #endif
| #ifdef	HAVE_SYS_TIME_H
| #  include    <sys/time.h>
| #endif
| #ifdef	HAVE_NETINET_IN_H
| #  include    <netinet/in.h>
| #endif
| #ifdef	HAVE_ARPA_INET_H
| #  include    <arpa/inet.h>
| #endif
| #ifdef	HAVE_ERRNO_H
| #  include    <errno.h>
| #endif
| #ifdef	HAVE_FCNTL_H
| #  include    <fcntl.h>
| #endif
| #ifdef	HAVE_NETDB_H
| #  include	<netdb.h>
| #endif
| #ifdef	HAVE_SIGNAL_H
| #  include	<signal.h>
| #endif
| #ifdef	HAVE_STDIO_H
| #  include	<stdio.h>
| #endif
| #ifdef	HAVE_STDLIB_H
| #  include	<stdlib.h>
| #endif
| #ifdef	HAVE_STRING_H
| #  include	<string.h>
| #endif
| #ifdef	HAVE_SYS_STAT_H
| #  include	<sys/stat.h>
| #endif
| #ifdef	HAVE_SYS_UIO_H
| #  include	<sys/uio.h>
| #endif
| #ifdef	HAVE_UNISTD_H
| #  include	<unistd.h>
| #endif
| #ifdef	HAVE_SYS_WAIT_H
| #  include	<sys/wait.h>
| #endif
| #ifdef	HAVE_SYS_UN_H
| #  include	<sys/un.h>
| #endif
| #ifdef	HAVE_SYS_SELECT_H
| # include   <sys/select.h>
| #endif
| #ifdef	HAVE_STRINGS_H
| # include   <strings.h>
| #endif
| #ifdef	HAVE_SYS_IOCTL_H
| # include   <sys/ioctl.h>
| #endif
| #ifdef	HAVE_SYS_FILIO_H
| # include   <sys/filio.h>
| #endif
| #ifdef	HAVE_SYS_SOCKIO_H
| # include   <sys/sockio.h>
| #endif
| #ifdef	HAVE_PTHREAD_H
| #  include	<pthread.h>
| #endif
| #ifdef	HAVE_POLL_H
| #  include	<poll.h>
| #endif
| #ifdef	HAVE_XTI_H
| #  include	<xti.h>
| #endif
| #ifdef	HAVE_NETCONFIG_H
| #  include	<netconfig.h>
| #endif
| #ifdef	HAVE_NETDIR_H
| #  include	<netdir.h>
| #endif
| #ifdef	HAVE_STROPTS_H
| #  include	<stropts.h>
| #endif
| int
| main ()
| {
|  t_scalar_t foo
|   ;
|   return 0;
| }
configure:4913: result: no
configure:4921: checking if t_uscalar_t defined
configure:5022: gcc -c -g -O2 -D_REENTRANT  conftest.c >&5
conftest.c: In function 'main':
conftest.c:128:2: error: unknown type name 't_uscalar_t'; did you mean 't_scalar_t'?
  t_uscalar_t foo
  ^~~~~~~~~~~
  t_scalar_t
configure:5022: $? = 1
configure: failed program was:
| /* confdefs.h */
| #define PACKAGE_NAME ""
| #define PACKAGE_TARNAME ""
| #define PACKAGE_VERSION ""
| #define PACKAGE_STRING ""
| #define PACKAGE_BUGREPORT ""
| #define PACKAGE_URL ""
| #define CPU_VENDOR_OS "x86_64-unknown-linux-gnu"
| #define HAVE_LIBPTHREAD 1
| #define STDC_HEADERS 1
| #define HAVE_SYS_TYPES_H 1
| #define HAVE_SYS_SOCKET_H 1
| #define HAVE_SYS_TIME_H 1
| #define HAVE_TIME_H 1
| #define HAVE_NETINET_IN_H 1
| #define HAVE_ARPA_INET_H 1
| #define HAVE_ERRNO_H 1
| #define HAVE_FCNTL_H 1
| #define HAVE_NETDB_H 1
| #define HAVE_SIGNAL_H 1
| #define HAVE_STDIO_H 1
| #define HAVE_STDLIB_H 1
| #define HAVE_STRING_H 1
| #define HAVE_SYS_STAT_H 1
| #define HAVE_SYS_UIO_H 1
| #define HAVE_UNISTD_H 1
| #define HAVE_SYS_WAIT_H 1
| #define HAVE_SYS_UN_H 1
| #define HAVE_SYS_PARAM_H 1
| #define HAVE_SYS_SELECT_H 1
| #define HAVE_SYS_SYSCTL_H 1
| #define HAVE_POLL_H 1
| #define HAVE_STRINGS_H 1
| #define HAVE_SYS_IOCTL_H 1
| #define HAVE_PTHREAD_H 1
| #define TIME_WITH_SYS_TIME 1
| #define t_scalar_t int32_t
| /* end confdefs.h.  */
| 
| #include	"confdefs.h"	/* the header built by configure so far */
| #ifdef	HAVE_SYS_TYPES_H
| #  include	<sys/types.h>
| #endif
| #ifdef	HAVE_SYS_SOCKET_H
| #  include	<sys/socket.h>
| #endif
| #ifdef	HAVE_SYS_TIME_H
| #  include    <sys/time.h>
| #endif
| #ifdef	HAVE_NETINET_IN_H
| #  include    <netinet/in.h>
| #endif
| #ifdef	HAVE_ARPA_INET_H
| #  include    <arpa/inet.h>
| #endif
| #ifdef	HAVE_ERRNO_H
| #  include    <errno.h>
| #endif
| #ifdef	HAVE_FCNTL_H
| #  include    <fcntl.h>
| #endif
| #ifdef	HAVE_NETDB_H
| #  include	<netdb.h>
| #endif
| #ifdef	HAVE_SIGNAL_H
| #  include	<signal.h>
| #endif
| #ifdef	HAVE_STDIO_H
| #  include	<stdio.h>
| #endif
| #ifdef	HAVE_STDLIB_H
| #  include	<stdlib.h>
| #endif
| #ifdef	HAVE_STRING_H
| #  include	<string.h>
| #endif
| #ifdef	HAVE_SYS_STAT_H
| #  include	<sys/stat.h>
| #endif
| #ifdef	HAVE_SYS_UIO_H
| #  include	<sys/uio.h>
| #endif
| #ifdef	HAVE_UNISTD_H
| #  include	<unistd.h>
| #endif
| #ifdef	HAVE_SYS_WAIT_H
| #  include	<sys/wait.h>
| #endif
| #ifdef	HAVE_SYS_UN_H
| #  include	<sys/un.h>
| #endif
| #ifdef	HAVE_SYS_SELECT_H
| # include   <sys/select.h>
| #endif
| #ifdef	HAVE_STRINGS_H
| # include   <strings.h>
| #endif
| #ifdef	HAVE_SYS_IOCTL_H
| # include   <sys/ioctl.h>
| #endif
| #ifdef	HAVE_SYS_FILIO_H
| # include   <sys/filio.h>
| #endif
| #ifdef	HAVE_SYS_SOCKIO_H
| # include   <sys/sockio.h>
| #endif
| #ifdef	HAVE_PTHREAD_H
| #  include	<pthread.h>
| #endif
| #ifdef	HAVE_POLL_H
| #  include	<poll.h>
| #endif
| #ifdef	HAVE_XTI_H
| #  include	<xti.h>
| #endif
| #ifdef	HAVE_NETCONFIG_H
| #  include	<netconfig.h>
| #endif
| #ifdef	HAVE_NETDIR_H
| #  include	<netdir.h>
| #endif
| #ifdef	HAVE_STROPTS_H
| #  include	<stropts.h>
| #endif
| int
| main ()
| {
|  t_uscalar_t foo
|   ;
|   return 0;
| }
configure:5030: result: no
configure:5039: checking for struct sockaddr.sa_len
configure:5039: gcc -c -g -O2 -D_REENTRANT  conftest.c >&5
conftest.c: In function 'main':
conftest.c:48:12: error: 'struct sockaddr' has no member named 'sa_len'
 if (ac_aggr.sa_len)
            ^
configure:5039: $? = 1
configure: failed program was:
| /* confdefs.h */
| #define PACKAGE_NAME ""
| #define PACKAGE_TARNAME ""
| #define PACKAGE_VERSION ""
| #define PACKAGE_STRING ""
| #define PACKAGE_BUGREPORT ""
| #define PACKAGE_URL ""
| #define CPU_VENDOR_OS "x86_64-unknown-linux-gnu"
| #define HAVE_LIBPTHREAD 1
| #define STDC_HEADERS 1
| #define HAVE_SYS_TYPES_H 1
| #define HAVE_SYS_SOCKET_H 1
| #define HAVE_SYS_TIME_H 1
| #define HAVE_TIME_H 1
| #define HAVE_NETINET_IN_H 1
| #define HAVE_ARPA_INET_H 1
| #define HAVE_ERRNO_H 1
| #define HAVE_FCNTL_H 1
| #define HAVE_NETDB_H 1
| #define HAVE_SIGNAL_H 1
| #define HAVE_STDIO_H 1
| #define HAVE_STDLIB_H 1
| #define HAVE_STRING_H 1
| #define HAVE_SYS_STAT_H 1
| #define HAVE_SYS_UIO_H 1
| #define HAVE_UNISTD_H 1
| #define HAVE_SYS_WAIT_H 1
| #define HAVE_SYS_UN_H 1
| #define HAVE_SYS_PARAM_H 1
| #define HAVE_SYS_SELECT_H 1
| #define HAVE_SYS_SYSCTL_H 1
| #define HAVE_POLL_H 1
| #define HAVE_STRINGS_H 1
| #define HAVE_SYS_IOCTL_H 1
| #define HAVE_PTHREAD_H 1
| #define TIME_WITH_SYS_TIME 1
| #define t_scalar_t int32_t
| #define t_uscalar_t uint32_t
| /* end confdefs.h.  */
| 
| #include <sys/types.h>
| #include <sys/socket.h>
| 
| int
| main ()
| {
| static struct sockaddr ac_aggr;
| if (ac_aggr.sa_len)
| return 0;
|   ;
|   return 0;
| }
configure:5039: gcc -c -g -O2 -D_REENTRANT  conftest.c >&5
conftest.c: In function 'main':
conftest.c:48:19: error: 'struct sockaddr' has no member named 'sa_len'
 if (sizeof ac_aggr.sa_len)
                   ^
configure:5039: $? = 1
configure: failed program was:
| /* confdefs.h */
| #define PACKAGE_NAME ""
| #define PACKAGE_TARNAME ""
| #define PACKAGE_VERSION ""
| #define PACKAGE_STRING ""
| #define PACKAGE_BUGREPORT ""
| #define PACKAGE_URL ""
| #define CPU_VENDOR_OS "x86_64-unknown-linux-gnu"
| #define HAVE_LIBPTHREAD 1
| #define STDC_HEADERS 1
| #define HAVE_SYS_TYPES_H 1
| #define HAVE_SYS_SOCKET_H 1
| #define HAVE_SYS_TIME_H 1
| #define HAVE_TIME_H 1
| #define HAVE_NETINET_IN_H 1
| #define HAVE_ARPA_INET_H 1
| #define HAVE_ERRNO_H 1
| #define HAVE_FCNTL_H 1
| #define HAVE_NETDB_H 1
| #define HAVE_SIGNAL_H 1
| #define HAVE_STDIO_H 1
| #define HAVE_STDLIB_H 1
| #define HAVE_STRING_H 1
| #define HAVE_SYS_STAT_H 1
| #define HAVE_SYS_UIO_H 1
| #define HAVE_UNISTD_H 1
| #define HAVE_SYS_WAIT_H 1
| #define HAVE_SYS_UN_H 1
| #define HAVE_SYS_PARAM_H 1
| #define HAVE_SYS_SELECT_H 1
| #define HAVE_SYS_SYSCTL_H 1
| #define HAVE_POLL_H 1
| #define HAVE_STRINGS_H 1
| #define HAVE_SYS_IOCTL_H 1
| #define HAVE_PTHREAD_H 1
| #define TIME_WITH_SYS_TIME 1
| #define t_scalar_t int32_t
| #define t_uscalar_t uint32_t
| /* end confdefs.h.  */
| 
| #include <sys/types.h>
| #include <sys/socket.h>
| 
| int
| main ()
| {
| static struct sockaddr ac_aggr;
| if (sizeof ac_aggr.sa_len)
| return 0;
|   ;
|   return 0;
| }
configure:5039: result: no
configure:5061: checking for struct sockaddr_storage
configure:5061: gcc -c -g -O2 -D_REENTRANT  conftest.c >&5
configure:5061: $? = 0
configure:5061: gcc -c -g -O2 -D_REENTRANT  conftest.c >&5
conftest.c: In function 'main':
conftest.c:47:38: error: expected expression before ')' token
 if (sizeof ((struct sockaddr_storage)))
                                      ^
configure:5061: $? = 1
configure: failed program was:
| /* confdefs.h */
| #define PACKAGE_NAME ""
| #define PACKAGE_TARNAME ""
| #define PACKAGE_VERSION ""
| #define PACKAGE_STRING ""
| #define PACKAGE_BUGREPORT ""
| #define PACKAGE_URL ""
| #define CPU_VENDOR_OS "x86_64-unknown-linux-gnu"
| #define HAVE_LIBPTHREAD 1
| #define STDC_HEADERS 1
| #define HAVE_SYS_TYPES_H 1
| #define HAVE_SYS_SOCKET_H 1
| #define HAVE_SYS_TIME_H 1
| #define HAVE_TIME_H 1
| #define HAVE_NETINET_IN_H 1
| #define HAVE_ARPA_INET_H 1
| #define HAVE_ERRNO_H 1
| #define HAVE_FCNTL_H 1
| #define HAVE_NETDB_H 1
| #define HAVE_SIGNAL_H 1
| #define HAVE_STDIO_H 1
| #define HAVE_STDLIB_H 1
| #define HAVE_STRING_H 1
| #define HAVE_SYS_STAT_H 1
| #define HAVE_SYS_UIO_H 1
| #define HAVE_UNISTD_H 1
| #define HAVE_SYS_WAIT_H 1
| #define HAVE_SYS_UN_H 1
| #define HAVE_SYS_PARAM_H 1
| #define HAVE_SYS_SELECT_H 1
| #define HAVE_SYS_SYSCTL_H 1
| #define HAVE_POLL_H 1
| #define HAVE_STRINGS_H 1
| #define HAVE_SYS_IOCTL_H 1
| #define HAVE_PTHREAD_H 1
| #define TIME_WITH_SYS_TIME 1
| #define t_scalar_t int32_t
| #define t_uscalar_t uint32_t
| /* end confdefs.h.  */
| 
| #include <sys/types.h>
| #include <sys/socket.h>
| 
| int
| main ()
| {
| if (sizeof ((struct sockaddr_storage)))
| 	    return 0;
|   ;
|   return 0;
| }
configure:5061: result: yes
configure:5071: checking for struct sockaddr_storage.ss_family
configure:5071: gcc -c -g -O2 -D_REENTRANT  conftest.c >&5
configure:5071: $? = 0
configure:5071: result: yes
configure:5095: checking for struct msghdr.msg_control
configure:5095: gcc -c -g -O2 -D_REENTRANT  conftest.c >&5
configure:5095: $? = 0
configure:5095: result: yes
configure:5106: checking for struct ifreq.ifr_mtu
configure:5106: gcc -c -g -O2 -D_REENTRANT  conftest.c >&5
configure:5106: $? = 0
configure:5106: result: yes
configure:5120: checking for getaddrinfo function prototype in netdb.h
configure:5139: result: yes
configure:5149: checking for getnameinfo function prototype in netdb.h
configure:5168: result: yes
configure:5178: checking for gethostname function prototype in unistd.h
configure:5197: result: yes
configure:5207: checking for getrusage function prototype in sys/resource.h
configure:5226: result: yes
configure:5236: checking for hstrerror function prototype in netdb.h
configure:5255: result: yes
configure:5265: checking for if_nametoindex function prototype in net/if.h
configure:5284: result: yes
configure:5294: checking for inet_aton function prototype in arpa/inet.h
configure:5313: result: yes
configure:5323: checking for inet_pton function prototype in arpa/inet.h
configure:5342: result: yes
configure:5352: checking for pselect function prototype in sys/select.h
configure:5371: result: yes
configure:5381: checking for snprintf function prototype in stdio.h
configure:5400: result: yes
configure:5410: checking for sockatmark function prototype in sys/socket.h
configure:5429: result: yes
configure:5451: checking for struct addrinfo
configure:5451: gcc -c -g -O2 -D_REENTRANT  conftest.c >&5
configure:5451: $? = 0
configure:5451: gcc -c -g -O2 -D_REENTRANT  conftest.c >&5
conftest.c: In function 'main':
conftest.c:60:30: error: expected expression before ')' token
 if (sizeof ((struct addrinfo)))
                              ^
configure:5451: $? = 1
configure: failed program was:
| /* confdefs.h */
| #define PACKAGE_NAME ""
| #define PACKAGE_TARNAME ""
| #define PACKAGE_VERSION ""
| #define PACKAGE_STRING ""
| #define PACKAGE_BUGREPORT ""
| #define PACKAGE_URL ""
| #define CPU_VENDOR_OS "x86_64-unknown-linux-gnu"
| #define HAVE_LIBPTHREAD 1
| #define STDC_HEADERS 1
| #define HAVE_SYS_TYPES_H 1
| #define HAVE_SYS_SOCKET_H 1
| #define HAVE_SYS_TIME_H 1
| #define HAVE_TIME_H 1
| #define HAVE_NETINET_IN_H 1
| #define HAVE_ARPA_INET_H 1
| #define HAVE_ERRNO_H 1
| #define HAVE_FCNTL_H 1
| #define HAVE_NETDB_H 1
| #define HAVE_SIGNAL_H 1
| #define HAVE_STDIO_H 1
| #define HAVE_STDLIB_H 1
| #define HAVE_STRING_H 1
| #define HAVE_SYS_STAT_H 1
| #define HAVE_SYS_UIO_H 1
| #define HAVE_UNISTD_H 1
| #define HAVE_SYS_WAIT_H 1
| #define HAVE_SYS_UN_H 1
| #define HAVE_SYS_PARAM_H 1
| #define HAVE_SYS_SELECT_H 1
| #define HAVE_SYS_SYSCTL_H 1
| #define HAVE_POLL_H 1
| #define HAVE_STRINGS_H 1
| #define HAVE_SYS_IOCTL_H 1
| #define HAVE_PTHREAD_H 1
| #define TIME_WITH_SYS_TIME 1
| #define t_scalar_t int32_t
| #define t_uscalar_t uint32_t
| #define HAVE_STRUCT_SOCKADDR_STORAGE 1
| #define HAVE_MSGHDR_MSG_CONTROL 1
| #define HAVE_STRUCT_IFREQ_IFR_MTU 1
| #define HAVE_GETADDRINFO_PROTO 1
| #define HAVE_GETNAMEINFO_PROTO 1
| #define HAVE_GETHOSTNAME_PROTO 1
| #define HAVE_GETRUSAGE_PROTO 1
| #define HAVE_HSTRERROR_PROTO 1
| #define HAVE_IF_NAMETOINDEX_PROTO 1
| #define HAVE_INET_ATON_PROTO 1
| #define HAVE_INET_PTON_PROTO 1
| #define HAVE_PSELECT_PROTO 1
| #define HAVE_SNPRINTF_PROTO 1
| #define HAVE_SOCKATMARK_PROTO 1
| /* end confdefs.h.  */
| 
| #include <netdb.h>
| 
| int
| main ()
| {
| if (sizeof ((struct addrinfo)))
| 	    return 0;
|   ;
|   return 0;
| }
configure:5451: result: yes
configure:5461: checking for struct if_nameindex
configure:5461: gcc -c -g -O2 -D_REENTRANT  conftest.c >&5
configure:5461: $? = 0
configure:5461: gcc -c -g -O2 -D_REENTRANT  conftest.c >&5
conftest.c: In function 'main':
conftest.c:63:34: error: expected expression before ')' token
 if (sizeof ((struct if_nameindex)))
                                  ^
configure:5461: $? = 1
configure: failed program was:
| /* confdefs.h */
| #define PACKAGE_NAME ""
| #define PACKAGE_TARNAME ""
| #define PACKAGE_VERSION ""
| #define PACKAGE_STRING ""
| #define PACKAGE_BUGREPORT ""
| #define PACKAGE_URL ""
| #define CPU_VENDOR_OS "x86_64-unknown-linux-gnu"
| #define HAVE_LIBPTHREAD 1
| #define STDC_HEADERS 1
| #define HAVE_SYS_TYPES_H 1
| #define HAVE_SYS_SOCKET_H 1
| #define HAVE_SYS_TIME_H 1
| #define HAVE_TIME_H 1
| #define HAVE_NETINET_IN_H 1
| #define HAVE_ARPA_INET_H 1
| #define HAVE_ERRNO_H 1
| #define HAVE_FCNTL_H 1
| #define HAVE_NETDB_H 1
| #define HAVE_SIGNAL_H 1
| #define HAVE_STDIO_H 1
| #define HAVE_STDLIB_H 1
| #define HAVE_STRING_H 1
| #define HAVE_SYS_STAT_H 1
| #define HAVE_SYS_UIO_H 1
| #define HAVE_UNISTD_H 1
| #define HAVE_SYS_WAIT_H 1
| #define HAVE_SYS_UN_H 1
| #define HAVE_SYS_PARAM_H 1
| #define HAVE_SYS_SELECT_H 1
| #define HAVE_SYS_SYSCTL_H 1
| #define HAVE_POLL_H 1
| #define HAVE_STRINGS_H 1
| #define HAVE_SYS_IOCTL_H 1
| #define HAVE_PTHREAD_H 1
| #define TIME_WITH_SYS_TIME 1
| #define t_scalar_t int32_t
| #define t_uscalar_t uint32_t
| #define HAVE_STRUCT_SOCKADDR_STORAGE 1
| #define HAVE_MSGHDR_MSG_CONTROL 1
| #define HAVE_STRUCT_IFREQ_IFR_MTU 1
| #define HAVE_GETADDRINFO_PROTO 1
| #define HAVE_GETNAMEINFO_PROTO 1
| #define HAVE_GETHOSTNAME_PROTO 1
| #define HAVE_GETRUSAGE_PROTO 1
| #define HAVE_HSTRERROR_PROTO 1
| #define HAVE_IF_NAMETOINDEX_PROTO 1
| #define HAVE_INET_ATON_PROTO 1
| #define HAVE_INET_PTON_PROTO 1
| #define HAVE_PSELECT_PROTO 1
| #define HAVE_SNPRINTF_PROTO 1
| #define HAVE_SOCKATMARK_PROTO 1
| #define HAVE_ADDRINFO_STRUCT 1
| /* end confdefs.h.  */
| 
| #include <sys/types.h>
| #include <sys/socket.h>
| #include <net/if.h>
| 
| int
| main ()
| {
| if (sizeof ((struct if_nameindex)))
| 	    return 0;
|   ;
|   return 0;
| }
configure:5461: result: yes
configure:5473: checking for struct sockaddr_dl
configure:5473: gcc -c -g -O2 -D_REENTRANT  conftest.c >&5
conftest.c:59:10: fatal error: net/if_dl.h: No such file or directory
 #include <net/if_dl.h>
          ^~~~~~~~~~~~~
compilation terminated.
configure:5473: $? = 1
configure: failed program was:
| /* confdefs.h */
| #define PACKAGE_NAME ""
| #define PACKAGE_TARNAME ""
| #define PACKAGE_VERSION ""
| #define PACKAGE_STRING ""
| #define PACKAGE_BUGREPORT ""
| #define PACKAGE_URL ""
| #define CPU_VENDOR_OS "x86_64-unknown-linux-gnu"
| #define HAVE_LIBPTHREAD 1
| #define STDC_HEADERS 1
| #define HAVE_SYS_TYPES_H 1
| #define HAVE_SYS_SOCKET_H 1
| #define HAVE_SYS_TIME_H 1
| #define HAVE_TIME_H 1
| #define HAVE_NETINET_IN_H 1
| #define HAVE_ARPA_INET_H 1
| #define HAVE_ERRNO_H 1
| #define HAVE_FCNTL_H 1
| #define HAVE_NETDB_H 1
| #define HAVE_SIGNAL_H 1
| #define HAVE_STDIO_H 1
| #define HAVE_STDLIB_H 1
| #define HAVE_STRING_H 1
| #define HAVE_SYS_STAT_H 1
| #define HAVE_SYS_UIO_H 1
| #define HAVE_UNISTD_H 1
| #define HAVE_SYS_WAIT_H 1
| #define HAVE_SYS_UN_H 1
| #define HAVE_SYS_PARAM_H 1
| #define HAVE_SYS_SELECT_H 1
| #define HAVE_SYS_SYSCTL_H 1
| #define HAVE_POLL_H 1
| #define HAVE_STRINGS_H 1
| #define HAVE_SYS_IOCTL_H 1
| #define HAVE_PTHREAD_H 1
| #define TIME_WITH_SYS_TIME 1
| #define t_scalar_t int32_t
| #define t_uscalar_t uint32_t
| #define HAVE_STRUCT_SOCKADDR_STORAGE 1
| #define HAVE_MSGHDR_MSG_CONTROL 1
| #define HAVE_STRUCT_IFREQ_IFR_MTU 1
| #define HAVE_GETADDRINFO_PROTO 1
| #define HAVE_GETNAMEINFO_PROTO 1
| #define HAVE_GETHOSTNAME_PROTO 1
| #define HAVE_GETRUSAGE_PROTO 1
| #define HAVE_HSTRERROR_PROTO 1
| #define HAVE_IF_NAMETOINDEX_PROTO 1
| #define HAVE_INET_ATON_PROTO 1
| #define HAVE_INET_PTON_PROTO 1
| #define HAVE_PSELECT_PROTO 1
| #define HAVE_SNPRINTF_PROTO 1
| #define HAVE_SOCKATMARK_PROTO 1
| #define HAVE_ADDRINFO_STRUCT 1
| #define HAVE_IF_NAMEINDEX_STRUCT 1
| /* end confdefs.h.  */
| 
| #include <sys/types.h>
| #include <sys/socket.h>
| #include <net/if_dl.h>
| 
| int
| main ()
| {
| if (sizeof (struct sockaddr_dl))
| 	 return 0;
|   ;
|   return 0;
| }
configure:5473: result: no
configure:5485: checking for struct timespec
configure:5485: gcc -c -g -O2 -D_REENTRANT  conftest.c >&5
configure:5485: $? = 0
configure:5485: gcc -c -g -O2 -D_REENTRANT  conftest.c >&5
conftest.c: In function 'main':
conftest.c:72:30: error: expected expression before ')' token
 if (sizeof ((struct timespec)))
                              ^
configure:5485: $? = 1
configure: failed program was:
| /* confdefs.h */
| #define PACKAGE_NAME ""
| #define PACKAGE_TARNAME ""
| #define PACKAGE_VERSION ""
| #define PACKAGE_STRING ""
| #define PACKAGE_BUGREPORT ""
| #define PACKAGE_URL ""
| #define CPU_VENDOR_OS "x86_64-unknown-linux-gnu"
| #define HAVE_LIBPTHREAD 1
| #define STDC_HEADERS 1
| #define HAVE_SYS_TYPES_H 1
| #define HAVE_SYS_SOCKET_H 1
| #define HAVE_SYS_TIME_H 1
| #define HAVE_TIME_H 1
| #define HAVE_NETINET_IN_H 1
| #define HAVE_ARPA_INET_H 1
| #define HAVE_ERRNO_H 1
| #define HAVE_FCNTL_H 1
| #define HAVE_NETDB_H 1
| #define HAVE_SIGNAL_H 1
| #define HAVE_STDIO_H 1
| #define HAVE_STDLIB_H 1
| #define HAVE_STRING_H 1
| #define HAVE_SYS_STAT_H 1
| #define HAVE_SYS_UIO_H 1
| #define HAVE_UNISTD_H 1
| #define HAVE_SYS_WAIT_H 1
| #define HAVE_SYS_UN_H 1
| #define HAVE_SYS_PARAM_H 1
| #define HAVE_SYS_SELECT_H 1
| #define HAVE_SYS_SYSCTL_H 1
| #define HAVE_POLL_H 1
| #define HAVE_STRINGS_H 1
| #define HAVE_SYS_IOCTL_H 1
| #define HAVE_PTHREAD_H 1
| #define TIME_WITH_SYS_TIME 1
| #define t_scalar_t int32_t
| #define t_uscalar_t uint32_t
| #define HAVE_STRUCT_SOCKADDR_STORAGE 1
| #define HAVE_MSGHDR_MSG_CONTROL 1
| #define HAVE_STRUCT_IFREQ_IFR_MTU 1
| #define HAVE_GETADDRINFO_PROTO 1
| #define HAVE_GETNAMEINFO_PROTO 1
| #define HAVE_GETHOSTNAME_PROTO 1
| #define HAVE_GETRUSAGE_PROTO 1
| #define HAVE_HSTRERROR_PROTO 1
| #define HAVE_IF_NAMETOINDEX_PROTO 1
| #define HAVE_INET_ATON_PROTO 1
| #define HAVE_INET_PTON_PROTO 1
| #define HAVE_PSELECT_PROTO 1
| #define HAVE_SNPRINTF_PROTO 1
| #define HAVE_SOCKATMARK_PROTO 1
| #define HAVE_ADDRINFO_STRUCT 1
| #define HAVE_IF_NAMEINDEX_STRUCT 1
| /* end confdefs.h.  */
| 
| #if TIME_WITH_SYS_TIME
| #include <sys/time.h>
| #include <time.h>
| #else
| #if HAVE_SYS_TIME_H
| #include <sys/time.h>
| #else
| #include <time.h>
| #endif
| #endif
| 
| 
| int
| main ()
| {
| if (sizeof ((struct timespec)))
| 	    return 0;
|   ;
|   return 0;
| }
configure:5485: result: yes
configure:5505: checking for /dev/tcp
configure:5514: result: no
configure:5517: checking for /dev/xti/tcp
configure:5526: result: no
configure:5529: checking for /dev/streams/xtiso/tcp
configure:5538: result: no
configure:5546: checking for bzero
configure:5546: gcc -o conftest -g -O2 -D_REENTRANT   conftest.c -lpthread  >&5
conftest.c:80:6: warning: conflicting types for built-in function 'bzero' [-Wbuiltin-declaration-mismatch]
 char bzero ();
      ^~~~~
configure:5546: $? = 0
configure:5546: result: yes
configure:5557: checking for getaddrinfo
configure:5557: gcc -o conftest -g -O2 -D_REENTRANT   conftest.c -lpthread  >&5
configure:5557: $? = 0
configure:5557: result: yes
configure:5568: checking for gethostname
configure:5568: gcc -o conftest -g -O2 -D_REENTRANT   conftest.c -lpthread  >&5
configure:5568: $? = 0
configure:5568: result: yes
configure:5579: checking for gethostbyname2
configure:5579: gcc -o conftest -g -O2 -D_REENTRANT   conftest.c -lpthread  >&5
configure:5579: $? = 0
configure:5579: result: yes
configure:5590: checking for gethostbyname_r
configure:5590: gcc -o conftest -g -O2 -D_REENTRANT   conftest.c -lpthread  >&5
configure:5590: $? = 0
configure:5590: result: yes
configure:5601: checking for getnameinfo
configure:5601: gcc -o conftest -g -O2 -D_REENTRANT   conftest.c -lpthread  >&5
configure:5601: $? = 0
configure:5601: result: yes
configure:5612: checking for hstrerror
configure:5612: gcc -o conftest -g -O2 -D_REENTRANT   conftest.c -lpthread  >&5
configure:5612: $? = 0
configure:5612: result: yes
configure:5623: checking for if_nametoindex
configure:5623: gcc -o conftest -g -O2 -D_REENTRANT   conftest.c -lpthread  >&5
configure:5623: $? = 0
configure:5623: result: yes
configure:5634: checking for inet_aton
configure:5634: gcc -o conftest -g -O2 -D_REENTRANT   conftest.c -lpthread  >&5
configure:5634: $? = 0
configure:5634: result: yes
configure:5645: checking for inet_pton
configure:5645: gcc -o conftest -g -O2 -D_REENTRANT   conftest.c -lpthread  >&5
configure:5645: $? = 0
configure:5645: result: yes
configure:5656: checking for inet6_rth_init
configure:5656: gcc -o conftest -g -O2 -D_REENTRANT   conftest.c -lpthread  >&5
configure:5656: $? = 0
configure:5656: result: yes
configure:5668: checking for kqueue
configure:5668: gcc -o conftest -g -O2 -D_REENTRANT   conftest.c -lpthread  >&5
/usr/bin/ld: /tmp/ccYt5VIJ.o: in function `main':
/home/wangsir/Documents/unpv13e/conftest.c:102: undefined reference to `kqueue'
collect2: error: ld returned 1 exit status
configure:5668: $? = 1
configure: failed program was:
| /* confdefs.h */
| #define PACKAGE_NAME ""
| #define PACKAGE_TARNAME ""
| #define PACKAGE_VERSION ""
| #define PACKAGE_STRING ""
| #define PACKAGE_BUGREPORT ""
| #define PACKAGE_URL ""
| #define CPU_VENDOR_OS "x86_64-unknown-linux-gnu"
| #define HAVE_LIBPTHREAD 1
| #define STDC_HEADERS 1
| #define HAVE_SYS_TYPES_H 1
| #define HAVE_SYS_SOCKET_H 1
| #define HAVE_SYS_TIME_H 1
| #define HAVE_TIME_H 1
| #define HAVE_NETINET_IN_H 1
| #define HAVE_ARPA_INET_H 1
| #define HAVE_ERRNO_H 1
| #define HAVE_FCNTL_H 1
| #define HAVE_NETDB_H 1
| #define HAVE_SIGNAL_H 1
| #define HAVE_STDIO_H 1
| #define HAVE_STDLIB_H 1
| #define HAVE_STRING_H 1
| #define HAVE_SYS_STAT_H 1
| #define HAVE_SYS_UIO_H 1
| #define HAVE_UNISTD_H 1
| #define HAVE_SYS_WAIT_H 1
| #define HAVE_SYS_UN_H 1
| #define HAVE_SYS_PARAM_H 1
| #define HAVE_SYS_SELECT_H 1
| #define HAVE_SYS_SYSCTL_H 1
| #define HAVE_POLL_H 1
| #define HAVE_STRINGS_H 1
| #define HAVE_SYS_IOCTL_H 1
| #define HAVE_PTHREAD_H 1
| #define TIME_WITH_SYS_TIME 1
| #define t_scalar_t int32_t
| #define t_uscalar_t uint32_t
| #define HAVE_STRUCT_SOCKADDR_STORAGE 1
| #define HAVE_MSGHDR_MSG_CONTROL 1
| #define HAVE_STRUCT_IFREQ_IFR_MTU 1
| #define HAVE_GETADDRINFO_PROTO 1
| #define HAVE_GETNAMEINFO_PROTO 1
| #define HAVE_GETHOSTNAME_PROTO 1
| #define HAVE_GETRUSAGE_PROTO 1
| #define HAVE_HSTRERROR_PROTO 1
| #define HAVE_IF_NAMETOINDEX_PROTO 1
| #define HAVE_INET_ATON_PROTO 1
| #define HAVE_INET_PTON_PROTO 1
| #define HAVE_PSELECT_PROTO 1
| #define HAVE_SNPRINTF_PROTO 1
| #define HAVE_SOCKATMARK_PROTO 1
| #define HAVE_ADDRINFO_STRUCT 1
| #define HAVE_IF_NAMEINDEX_STRUCT 1
| #define HAVE_TIMESPEC_STRUCT 1
| #define HAVE_BZERO 1
| #define HAVE_GETADDRINFO 1
| #define HAVE_GETHOSTNAME 1
| #define HAVE_GETHOSTBYNAME2 1
| #define HAVE_GETHOSTBYNAME_R 1
| #define HAVE_GETNAMEINFO 1
| #define HAVE_HSTRERROR 1
| #define HAVE_IF_NAMETOINDEX 1
| #define HAVE_INET_ATON 1
| #define HAVE_INET_PTON 1
| #define HAVE_INET6_RTH_INIT 1
| /* end confdefs.h.  */
| /* Define kqueue to an innocuous variant, in case <limits.h> declares kqueue.
|    For example, HP-UX 11i <limits.h> declares gettimeofday.  */
| #define kqueue innocuous_kqueue
| 
| /* System header to define __stub macros and hopefully few prototypes,
|     which can conflict with char kqueue (); below.
|     Prefer <limits.h> to <assert.h> if __STDC__ is defined, since
|     <limits.h> exists even on freestanding compilers.  */
| 
| #ifdef __STDC__
| # include <limits.h>
| #else
| # include <assert.h>
| #endif
| 
| #undef kqueue
| 
| /* Override any GCC internal prototype to avoid an error.
|    Use char because int might match the return type of a GCC
|    builtin and then its argument prototype would still apply.  */
| #ifdef __cplusplus
| extern "C"
| #endif
| char kqueue ();
| /* The GNU C library defines this for functions which it implements
|     to always fail with ENOSYS.  Some functions are actually named
|     something starting with __ and the normal name is an alias.  */
| #if defined __stub_kqueue || defined __stub___kqueue
| choke me
| #endif
| 
| int
| main ()
| {
| return kqueue ();
|   ;
|   return 0;
| }
configure:5668: result: no
configure:5668: checking for kevent
configure:5668: gcc -o conftest -g -O2 -D_REENTRANT   conftest.c -lpthread  >&5
/usr/bin/ld: /tmp/ccfGzIu7.o: in function `main':
/home/wangsir/Documents/unpv13e/conftest.c:102: undefined reference to `kevent'
collect2: error: ld returned 1 exit status
configure:5668: $? = 1
configure: failed program was:
| /* confdefs.h */
| #define PACKAGE_NAME ""
| #define PACKAGE_TARNAME ""
| #define PACKAGE_VERSION ""
| #define PACKAGE_STRING ""
| #define PACKAGE_BUGREPORT ""
| #define PACKAGE_URL ""
| #define CPU_VENDOR_OS "x86_64-unknown-linux-gnu"
| #define HAVE_LIBPTHREAD 1
| #define STDC_HEADERS 1
| #define HAVE_SYS_TYPES_H 1
| #define HAVE_SYS_SOCKET_H 1
| #define HAVE_SYS_TIME_H 1
| #define HAVE_TIME_H 1
| #define HAVE_NETINET_IN_H 1
| #define HAVE_ARPA_INET_H 1
| #define HAVE_ERRNO_H 1
| #define HAVE_FCNTL_H 1
| #define HAVE_NETDB_H 1
| #define HAVE_SIGNAL_H 1
| #define HAVE_STDIO_H 1
| #define HAVE_STDLIB_H 1
| #define HAVE_STRING_H 1
| #define HAVE_SYS_STAT_H 1
| #define HAVE_SYS_UIO_H 1
| #define HAVE_UNISTD_H 1
| #define HAVE_SYS_WAIT_H 1
| #define HAVE_SYS_UN_H 1
| #define HAVE_SYS_PARAM_H 1
| #define HAVE_SYS_SELECT_H 1
| #define HAVE_SYS_SYSCTL_H 1
| #define HAVE_POLL_H 1
| #define HAVE_STRINGS_H 1
| #define HAVE_SYS_IOCTL_H 1
| #define HAVE_PTHREAD_H 1
| #define TIME_WITH_SYS_TIME 1
| #define t_scalar_t int32_t
| #define t_uscalar_t uint32_t
| #define HAVE_STRUCT_SOCKADDR_STORAGE 1
| #define HAVE_MSGHDR_MSG_CONTROL 1
| #define HAVE_STRUCT_IFREQ_IFR_MTU 1
| #define HAVE_GETADDRINFO_PROTO 1
| #define HAVE_GETNAMEINFO_PROTO 1
| #define HAVE_GETHOSTNAME_PROTO 1
| #define HAVE_GETRUSAGE_PROTO 1
| #define HAVE_HSTRERROR_PROTO 1
| #define HAVE_IF_NAMETOINDEX_PROTO 1
| #define HAVE_INET_ATON_PROTO 1
| #define HAVE_INET_PTON_PROTO 1
| #define HAVE_PSELECT_PROTO 1
| #define HAVE_SNPRINTF_PROTO 1
| #define HAVE_SOCKATMARK_PROTO 1
| #define HAVE_ADDRINFO_STRUCT 1
| #define HAVE_IF_NAMEINDEX_STRUCT 1
| #define HAVE_TIMESPEC_STRUCT 1
| #define HAVE_BZERO 1
| #define HAVE_GETADDRINFO 1
| #define HAVE_GETHOSTNAME 1
| #define HAVE_GETHOSTBYNAME2 1
| #define HAVE_GETHOSTBYNAME_R 1
| #define HAVE_GETNAMEINFO 1
| #define HAVE_HSTRERROR 1
| #define HAVE_IF_NAMETOINDEX 1
| #define HAVE_INET_ATON 1
| #define HAVE_INET_PTON 1
| #define HAVE_INET6_RTH_INIT 1
| /* end confdefs.h.  */
| /* Define kevent to an innocuous variant, in case <limits.h> declares kevent.
|    For example, HP-UX 11i <limits.h> declares gettimeofday.  */
| #define kevent innocuous_kevent
| 
| /* System header to define __stub macros and hopefully few prototypes,
|     which can conflict with char kevent (); below.
|     Prefer <limits.h> to <assert.h> if __STDC__ is defined, since
|     <limits.h> exists even on freestanding compilers.  */
| 
| #ifdef __STDC__
| # include <limits.h>
| #else
| # include <assert.h>
| #endif
| 
| #undef kevent
| 
| /* Override any GCC internal prototype to avoid an error.
|    Use char because int might match the return type of a GCC
|    builtin and then its argument prototype would still apply.  */
| #ifdef __cplusplus
| extern "C"
| #endif
| char kevent ();
| /* The GNU C library defines this for functions which it implements
|     to always fail with ENOSYS.  Some functions are actually named
|     something starting with __ and the normal name is an alias.  */
| #if defined __stub_kevent || defined __stub___kevent
| choke me
| #endif
| 
| int
| main ()
| {
| return kevent ();
|   ;
|   return 0;
| }
configure:5668: result: no
configure:5679: checking for mkstemp
configure:5679: gcc -o conftest -g -O2 -D_REENTRANT   conftest.c -lpthread  >&5
configure:5679: $? = 0
configure:5679: result: yes
configure:5690: checking for poll
configure:5690: gcc -o conftest -g -O2 -D_REENTRANT   conftest.c -lpthread  >&5
configure:5690: $? = 0
configure:5690: result: yes
configure:5701: checking for pselect
configure:5701: gcc -o conftest -g -O2 -D_REENTRANT   conftest.c -lpthread  >&5
configure:5701: $? = 0
configure:5701: result: yes
configure:5712: checking for snprintf
configure:5712: gcc -o conftest -g -O2 -D_REENTRANT   conftest.c -lpthread  >&5
conftest.c:94:6: warning: conflicting types for built-in function 'snprintf' [-Wbuiltin-declaration-mismatch]
 char snprintf ();
      ^~~~~~~~
configure:5712: $? = 0
configure:5712: result: yes
configure:5723: checking for sockatmark
configure:5723: gcc -o conftest -g -O2 -D_REENTRANT   conftest.c -lpthread  >&5
configure:5723: $? = 0
configure:5723: result: yes
configure:5734: checking for vsnprintf
configure:5734: gcc -o conftest -g -O2 -D_REENTRANT   conftest.c -lpthread  >&5
conftest.c:96:6: warning: conflicting types for built-in function 'vsnprintf' [-Wbuiltin-declaration-mismatch]
 char vsnprintf ();
      ^~~~~~~~~
configure:5734: $? = 0
configure:5734: result: yes
configure:5745: checking for IPv4 support
configure:5770: gcc -o conftest -g -O2 -D_REENTRANT   conftest.c -lpthread  >&5
conftest.c:81:2: warning: return type defaults to 'int' [-Wimplicit-int]
  main()
  ^~~~
conftest.c: In function 'main':
conftest.c:86:3: warning: implicit declaration of function 'exit' [-Wimplicit-function-declaration]
   exit(fd >= 0 ? 0 : 1);
   ^~~~
conftest.c:86:3: warning: incompatible implicit declaration of built-in function 'exit'
conftest.c:86:3: note: include '<stdlib.h>' or provide a declaration of 'exit'
conftest.c:78:1:
+#include <stdlib.h>
  /* Make sure the definitions for AF_INET and struct sockaddr_in
conftest.c:86:3:
   exit(fd >= 0 ? 0 : 1);
   ^~~~
configure:5770: $? = 0
configure:5770: ./conftest
configure:5770: $? = 0
configure:5781: result: yes
configure:5792: checking for IPv6 support
configure:5817: gcc -o conftest -g -O2 -D_REENTRANT   conftest.c -lpthread  >&5
conftest.c:83:2: warning: return type defaults to 'int' [-Wimplicit-int]
  main()
  ^~~~
conftest.c: In function 'main':
conftest.c:88:3: warning: implicit declaration of function 'exit' [-Wimplicit-function-declaration]
   exit(fd >= 0 ? 0 : 1);
   ^~~~
conftest.c:88:3: warning: incompatible implicit declaration of built-in function 'exit'
conftest.c:88:3: note: include '<stdlib.h>' or provide a declaration of 'exit'
conftest.c:80:1:
+#include <stdlib.h>
  /* Make sure the definitions for AF_INET6 and struct sockaddr_in6
conftest.c:88:3:
   exit(fd >= 0 ? 0 : 1);
   ^~~~
configure:5817: $? = 0
configure:5817: ./conftest
configure:5817: $? = 0
configure:5828: result: yes
configure:5839: checking for Unix domain sockets
configure:5864: gcc -o conftest -g -O2 -D_REENTRANT   conftest.c -lpthread  >&5
conftest.c:85:2: warning: return type defaults to 'int' [-Wimplicit-int]
  main()
  ^~~~
conftest.c: In function 'main':
conftest.c:90:3: warning: implicit declaration of function 'exit' [-Wimplicit-function-declaration]
   exit(fd >= 0 ? 0 : 1);
   ^~~~
conftest.c:90:3: warning: incompatible implicit declaration of built-in function 'exit'
conftest.c:90:3: note: include '<stdlib.h>' or provide a declaration of 'exit'
conftest.c:82:1:
+#include <stdlib.h>
  /* Make sure the definitions for AF_UNIX and struct sockaddr_un
conftest.c:90:3:
   exit(fd >= 0 ? 0 : 1);
   ^~~~
configure:5864: $? = 0
configure:5864: ./conftest
configure:5864: $? = 0
configure:5875: result: yes
configure:5886: checking for multicast support
configure:5914: gcc -o conftest -g -O2 -D_REENTRANT   conftest.c -lpthread  >&5
conftest.c:84:2: warning: return type defaults to 'int' [-Wimplicit-int]
  main()
  ^~~~
conftest.c: In function 'main':
conftest.c:91:15: warning: implicit declaration of function 'exit' [-Wimplicit-function-declaration]
   if (fd < 0) exit(1);
               ^~~~
conftest.c:91:15: warning: incompatible implicit declaration of built-in function 'exit'
conftest.c:91:15: note: include '<stdlib.h>' or provide a declaration of 'exit'
conftest.c:84:1:
+#include <stdlib.h>
  main()
conftest.c:91:15:
   if (fd < 0) exit(1);
               ^~~~
conftest.c:94:4: warning: incompatible implicit declaration of built-in function 'exit'
    exit(1);
    ^~~~
conftest.c:94:4: note: include '<stdlib.h>' or provide a declaration of 'exit'
conftest.c:95:3: warning: incompatible implicit declaration of built-in function 'exit'
   exit(0);
   ^~~~
conftest.c:95:3: note: include '<stdlib.h>' or provide a declaration of 'exit'
configure:5914: $? = 0
configure:5914: ./conftest
configure:5914: $? = 0
configure:5925: result: yes
configure:6059: checking for -I/home/wangsir/doc/unp2ev1/src/include
configure:6066: result: no
configure:6192: creating ./config.status

## ---------------------- ##
## Running config.status. ##
## ---------------------- ##

This file was extended by config.status, which was
generated by GNU Autoconf 2.69.  Invocation command line was

  CONFIG_FILES    = 
  CONFIG_HEADERS  = 
  CONFIG_LINKS    = 
  CONFIG_COMMANDS = 
  $ ./config.status 

on wangsir-ubuntu

config.status:880: creating Makefile
config.status:880: creating Make.defines
config.status:880: creating config.h
config.status:1050: config.h is unchanged

## ---------------- ##
## Cache variables. ##
## ---------------- ##

ac_cv_build=x86_64-unknown-linux-gnu
ac_cv_c_compiler_gnu=yes
ac_cv_env_CC_set=
ac_cv_env_CC_value=
ac_cv_env_CFLAGS_set=
ac_cv_env_CFLAGS_value=
ac_cv_env_CPPFLAGS_set=
ac_cv_env_CPPFLAGS_value=
ac_cv_env_CPP_set=
ac_cv_env_CPP_value=
ac_cv_env_LDFLAGS_set=
ac_cv_env_LDFLAGS_value=
ac_cv_env_LIBS_set=
ac_cv_env_LIBS_value=
ac_cv_env_build_alias_set=
ac_cv_env_build_alias_value=
ac_cv_env_host_alias_set=
ac_cv_env_host_alias_value=
ac_cv_env_target_alias_set=
ac_cv_env_target_alias_value=
ac_cv_func_bzero=yes
ac_cv_func_getaddrinfo=yes
ac_cv_func_gethostbyname2=yes
ac_cv_func_gethostbyname_r=yes
ac_cv_func_gethostname=yes
ac_cv_func_getnameinfo=yes
ac_cv_func_hstrerror=yes
ac_cv_func_if_nametoindex=yes
ac_cv_func_inet6_rth_init=yes
ac_cv_func_inet_aton=yes
ac_cv_func_inet_pton=yes
ac_cv_func_kevent=no
ac_cv_func_kqueue=no
ac_cv_func_mkstemp=yes
ac_cv_func_poll=yes
ac_cv_func_pselect=yes
ac_cv_func_snprintf=yes
ac_cv_func_sockatmark=yes
ac_cv_func_vsnprintf=yes
ac_cv_have_getaddrinfo_proto=yes
ac_cv_have_gethostname_proto=yes
ac_cv_have_getnameinfo_proto=yes
ac_cv_have_getrusage_proto=yes
ac_cv_have_hstrerror_proto=yes
ac_cv_have_if_nametoindex_proto=yes
ac_cv_have_inet_aton_proto=yes
ac_cv_have_inet_pton_proto=yes
ac_cv_have_pselect_proto=yes
ac_cv_have_snprintf_proto=yes
ac_cv_have_sockatmark_proto=yes
ac_cv_header_arpa_inet_h=yes
ac_cv_header_errno_h=yes
ac_cv_header_fcntl_h=yes
ac_cv_header_net_if_dl_h=no
ac_cv_header_netconfig_h=no
ac_cv_header_netdb_h=yes
ac_cv_header_netdir_h=no
ac_cv_header_netinet_in_h=yes
ac_cv_header_poll_h=yes
ac_cv_header_pthread_h=yes
ac_cv_header_signal_h=yes
ac_cv_header_stdc=yes
ac_cv_header_stdio_h=yes
ac_cv_header_stdlib_h=yes
ac_cv_header_string_h=yes
ac_cv_header_strings_h=yes
ac_cv_header_stropts_h=no
ac_cv_header_sys_event_h=no
ac_cv_header_sys_filio_h=no
ac_cv_header_sys_ioctl_h=yes
ac_cv_header_sys_param_h=yes
ac_cv_header_sys_select_h=yes
ac_cv_header_sys_socket_h=yes
ac_cv_header_sys_sockio_h=no
ac_cv_header_sys_stat_h=yes
ac_cv_header_sys_sysctl_h=yes
ac_cv_header_sys_time_h=yes
ac_cv_header_sys_types_h=yes
ac_cv_header_sys_uio_h=yes
ac_cv_header_sys_un_h=yes
ac_cv_header_sys_wait_h=yes
ac_cv_header_time=yes
ac_cv_header_time_h=yes
ac_cv_header_unistd_h=yes
ac_cv_header_xti_h=no
ac_cv_header_xti_inet_h=no
ac_cv_host=x86_64-unknown-linux-gnu
ac_cv_ipv4=yes
ac_cv_ipv6=yes
ac_cv_lib_nsl_t_open=no
ac_cv_lib_pthread_pthread_create=yes
ac_cv_lib_resolv_res_init=no
ac_cv_lib_xti_t_open=no
ac_cv_member_struct_ifreq_ifr_mtu=yes
ac_cv_member_struct_msghdr_msg_control=yes
ac_cv_member_struct_sockaddr_sa_len=no
ac_cv_member_struct_sockaddr_storage_ss_family=yes
ac_cv_multicast=yes
ac_cv_objext=o
ac_cv_path_EGREP='/usr/bin/grep -E'
ac_cv_path_GREP=/usr/bin/grep
ac_cv_prog_CPP='gcc -E'
ac_cv_prog_ac_ct_CC=gcc
ac_cv_prog_ac_ct_RANLIB=ranlib
ac_cv_prog_cc_c89=
ac_cv_prog_cc_g=yes
ac_cv_search_socket='none required'
ac_cv_type_int16_t=yes
ac_cv_type_int32_t=yes
ac_cv_type_sa_family_t=yes
ac_cv_type_size_t=yes
ac_cv_type_socklen_t=yes
ac_cv_type_ssize_t=yes
ac_cv_type_struct_addrinfo=yes
ac_cv_type_struct_if_nameindex=yes
ac_cv_type_struct_sockaddr_dl=no
ac_cv_type_struct_sockaddr_storage=yes
ac_cv_type_struct_timespec=yes
ac_cv_type_t_scalar_t=no
ac_cv_type_t_uscalar_t=no
ac_cv_type_uint16_t=yes
ac_cv_type_uint32_t=yes
ac_cv_type_uint8_t=yes
ac_cv_unixdomain=yes

## ----------------- ##
## Output variables. ##
## ----------------- ##

CC='gcc'
CFLAGS='-g -O2 -D_REENTRANT -Wall'
CPP='gcc -E'
CPPFLAGS=''
DEFS='-DHAVE_CONFIG_H'
ECHO_C=''
ECHO_N='-n'
ECHO_T=''
EGREP='/usr/bin/grep -E'
EXEEXT=''
GREP='/usr/bin/grep'
LDFLAGS=''
LIBFREE_OBJS=' in_cksum.o inet_ntop.o inet_pton.o'
LIBGAI_OBJS=''
LIBOBJS=''
LIBROUTE_OBJS='get_rtaddrs.o if_indextoname.o if_nameindex.o if_nametoindex.o net_rt_iflist.o net_rt_dump.o sock_masktop.o'
LIBS='-lpthread'
LIBS_XTI='-lpthread'
LIBUNP='../libunp.a'
LIBUNPXTI='../libunpxti.a'
LIBUNPXTI_NAME='../libunpxti.a'
LIBUNP_NAME='../libunp.a'
LIBXTI_OBJS=' wrapxti.o xti_accept.o xti_flags_str.o xti_getopt.o xti_ntop.o xti_ntop_host.o xti_rdwr.o xti_setopt.o xti_str_opts.o xti_tlook_str.o'
LIB_OBJS=' connect_nonb.o connect_timeo.o daemon_inetd.o daemon_init.o dg_cli.o dg_echo.o error.o get_ifi_info.o gf_time.o host_serv.o family_to_level.o mcast_leave.o mcast_join.o mcast_get_if.o mcast_get_loop.o mcast_get_ttl.o mcast_set_if.o mcast_set_loop.o mcast_set_ttl.o my_addrs.o read_fd.o readline.o readn.o readable_timeo.o rtt.o signal.o signal_intr.o sock_bind_wild.o sock_cmp_addr.o sock_cmp_port.o sock_ntop.o sock_ntop_host.o sock_get_port.o sock_set_addr.o sock_set_port.o sock_set_wild.o sockfd_to_family.o str_cli.o str_echo.o tcp_connect.o tcp_listen.o tv_sub.o udp_client.o udp_connect.o udp_server.o wraplib.o wrapsock.o wrapstdio.o wrappthread.o wrapunix.o write_fd.o writen.o writable_timeo.o'
LTLIBOBJS=''
OBJEXT='o'
PACKAGE_BUGREPORT=''
PACKAGE_NAME=''
PACKAGE_STRING=''
PACKAGE_TARNAME=''
PACKAGE_URL=''
PACKAGE_VERSION=''
PATH_SEPARATOR=':'
RANLIB='ranlib'
SHELL='/bin/bash'
ac_ct_CC='gcc'
bindir='${exec_prefix}/bin'
build='x86_64-unknown-linux-gnu'
build_alias=''
build_cpu='x86_64'
build_os='linux-gnu'
build_vendor='unknown'
datadir='${datarootdir}'
datarootdir='${prefix}/share'
docdir='${datarootdir}/doc/${PACKAGE}'
dvidir='${docdir}'
exec_prefix='${prefix}'
host='x86_64-unknown-linux-gnu'
host_alias=''
host_cpu='x86_64'
host_os='linux-gnu'
host_vendor='unknown'
htmldir='${docdir}'
includedir='${prefix}/include'
infodir='${datarootdir}/info'
libdir='${exec_prefix}/lib'
libexecdir='${exec_prefix}/libexec'
localedir='${datarootdir}/locale'
localstatedir='${prefix}/var'
mandir='${datarootdir}/man'
oldincludedir='/usr/include'
pdfdir='${docdir}'
prefix='/usr/local'
program_transform_name='s,x,x,'
psdir='${docdir}'
runstatedir='${localstatedir}/run'
sbindir='${exec_prefix}/sbin'
sharedstatedir='${prefix}/com'
sysconfdir='${prefix}/etc'
target_alias=''

## ----------- ##
## confdefs.h. ##
## ----------- ##

/* confdefs.h */
#define PACKAGE_NAME ""
#define PACKAGE_TARNAME ""
#define PACKAGE_VERSION ""
#define PACKAGE_STRING ""
#define PACKAGE_BUGREPORT ""
#define PACKAGE_URL ""
#define CPU_VENDOR_OS "x86_64-unknown-linux-gnu"
#define HAVE_LIBPTHREAD 1
#define STDC_HEADERS 1
#define HAVE_SYS_TYPES_H 1
#define HAVE_SYS_SOCKET_H 1
#define HAVE_SYS_TIME_H 1
#define HAVE_TIME_H 1
#define HAVE_NETINET_IN_H 1
#define HAVE_ARPA_INET_H 1
#define HAVE_ERRNO_H 1
#define HAVE_FCNTL_H 1
#define HAVE_NETDB_H 1
#define HAVE_SIGNAL_H 1
#define HAVE_STDIO_H 1
#define HAVE_STDLIB_H 1
#define HAVE_STRING_H 1
#define HAVE_SYS_STAT_H 1
#define HAVE_SYS_UIO_H 1
#define HAVE_UNISTD_H 1
#define HAVE_SYS_WAIT_H 1
#define HAVE_SYS_UN_H 1
#define HAVE_SYS_PARAM_H 1
#define HAVE_SYS_SELECT_H 1
#define HAVE_SYS_SYSCTL_H 1
#define HAVE_POLL_H 1
#define HAVE_STRINGS_H 1
#define HAVE_SYS_IOCTL_H 1
#define HAVE_PTHREAD_H 1
#define TIME_WITH_SYS_TIME 1
#define t_scalar_t int32_t
#define t_uscalar_t uint32_t
#define HAVE_STRUCT_SOCKADDR_STORAGE 1
#define HAVE_MSGHDR_MSG_CONTROL 1
#define HAVE_STRUCT_IFREQ_IFR_MTU 1
#define HAVE_GETADDRINFO_PROTO 1
#define HAVE_GETNAMEINFO_PROTO 1
#define HAVE_GETHOSTNAME_PROTO 1
#define HAVE_GETRUSAGE_PROTO 1
#define HAVE_HSTRERROR_PROTO 1
#define HAVE_IF_NAMETOINDEX_PROTO 1
#define HAVE_INET_ATON_PROTO 1
#define HAVE_INET_PTON_PROTO 1
#define HAVE_PSELECT_PROTO 1
#define HAVE_SNPRINTF_PROTO 1
#define HAVE_SOCKATMARK_PROTO 1
#define HAVE_ADDRINFO_STRUCT 1
#define HAVE_IF_NAMEINDEX_STRUCT 1
#define HAVE_TIMESPEC_STRUCT 1
#define HAVE_BZERO 1
#define HAVE_GETADDRINFO 1
#define HAVE_GETHOSTNAME 1
#define HAVE_GETHOSTBYNAME2 1
#define HAVE_GETHOSTBYNAME_R 1
#define HAVE_GETNAMEINFO 1
#define HAVE_HSTRERROR 1
#define HAVE_IF_NAMETOINDEX 1
#define HAVE_INET_ATON 1
#define HAVE_INET_PTON 1
#define HAVE_INET6_RTH_INIT 1
#define HAVE_MKSTEMP 1
#define HAVE_POLL 1
#define HAVE_PSELECT 1
#define HAVE_SNPRINTF 1
#define HAVE_SOCKATMARK 1
#define HAVE_VSNPRINTF 1
#define IPV4 1
#define IPv4 1
#define IPV6 1
#define IPv6 1
#define UNIXDOMAIN 1
#define UNIXdomain 1
#define MCAST 1

configure: exit 0
